TN:
SF:src/App.tsx
FN:8,(anonymous_0)
FN:9,(anonymous_1)
FN:10,(anonymous_2)
FN:11,(anonymous_3)
FN:12,(anonymous_4)
FN:13,(anonymous_5)
FN:14,(anonymous_6)
FN:15,(anonymous_7)
FN:16,(anonymous_8)
FN:28,LoadingSpinner
FN:36,App
FNF:11
FNH:3
FNDA:1,(anonymous_0)
FNDA:0,(anonymous_1)
FNDA:0,(anonymous_2)
FNDA:0,(anonymous_3)
FNDA:0,(anonymous_4)
FNDA:0,(anonymous_5)
FNDA:0,(anonymous_6)
FNDA:0,(anonymous_7)
FNDA:0,(anonymous_8)
FNDA:2,LoadingSpinner
FNDA:2,App
DA:8,1
DA:9,1
DA:10,1
DA:11,1
DA:12,1
DA:13,1
DA:14,1
DA:15,1
DA:16,1
DA:18,1
DA:29,2
DA:37,2
LF:12
LH:12
BRF:0
BRH:0
end_of_record
TN:
SF:src/api/client.ts
FNF:0
FNH:0
DA:3,8
DA:10,8
DA:11,8
DA:12,0
LF:4
LH:3
BRDA:11,0,0,0
BRDA:11,0,1,8
BRF:2
BRH:1
end_of_record
TN:
SF:src/api/ws.ts
FN:4,buildWsUrl
FNF:1
FNH:1
FNDA:9,buildWsUrl
DA:5,9
DA:6,9
DA:7,9
DA:8,9
DA:9,0
DA:10,0
DA:12,9
LF:7
LH:5
BRDA:5,0,0,0
BRDA:5,0,1,9
BRDA:8,1,0,0
BRDA:8,1,1,9
BRDA:9,2,0,0
BRDA:9,2,1,0
BRF:6
BRH:2
end_of_record
TN:
SF:src/components/ConnectionStatus.tsx
FN:21,notify
FN:22,(anonymous_1)
FN:25,setStatus
FN:32,connect
FN:39,(anonymous_4)
FN:43,(anonymous_5)
FN:54,(anonymous_6)
FN:66,subscribe
FN:70,(anonymous_8)
FN:83,getSnapshot
FN:87,ConnectionStatus
FNF:11
FNH:11
FNDA:6,notify
FNDA:6,(anonymous_1)
FNDA:36,setStatus
FNDA:35,connect
FNDA:3,(anonymous_4)
FNDA:7,(anonymous_5)
FNDA:1,(anonymous_6)
FNDA:30,subscribe
FNDA:30,(anonymous_8)
FNDA:128,getSnapshot
FNDA:43,ConnectionStatus
DA:6,6
DA:13,6
DA:14,6
DA:15,6
DA:16,6
DA:17,6
DA:18,6
DA:19,6
DA:22,6
DA:26,36
DA:27,6
DA:28,6
DA:33,35
DA:34,26
DA:35,26
DA:37,9
DA:38,9
DA:39,9
DA:40,3
DA:41,3
DA:43,9
DA:44,7
DA:45,7
DA:46,6
DA:47,6
DA:48,6
DA:49,6
DA:51,1
DA:54,9
DA:56,0
DA:57,0
DA:58,0
DA:59,0
DA:60,0
DA:61,0
DA:67,30
DA:68,30
DA:69,30
DA:70,30
DA:71,30
DA:72,30
DA:73,30
DA:74,30
DA:75,30
DA:76,30
DA:77,30
DA:78,30
DA:84,128
DA:88,43
DA:89,43
DA:93,43
DA:95,5
LF:52
LH:46
BRDA:26,0,0,6
BRDA:26,0,1,30
BRDA:33,1,0,26
BRDA:33,1,1,9
BRDA:33,2,0,35
BRDA:33,2,1,9
BRDA:45,3,0,6
BRDA:45,3,1,1
BRDA:45,4,0,7
BRDA:45,4,1,7
BRDA:57,5,0,0
BRDA:57,5,1,0
BRDA:57,6,0,0
BRDA:57,6,1,0
BRDA:69,7,0,30
BRDA:69,7,1,0
BRDA:73,8,0,30
BRDA:73,8,1,0
BRDA:74,9,0,3
BRDA:74,9,1,27
BRDA:93,10,0,38
BRDA:93,10,1,5
BRDA:97,11,0,2
BRDA:97,11,1,3
BRF:24
BRH:18
end_of_record
TN:
SF:src/components/ErrorBoundary.tsx
FN:15,(anonymous_0)
FN:20,(anonymous_1)
FN:24,(anonymous_2)
FN:28,(anonymous_3)
FN:32,(anonymous_4)
FNF:5
FNH:5
FNDA:45,(anonymous_0)
FNDA:7,(anonymous_1)
FNDA:6,(anonymous_2)
FNDA:1,(anonymous_3)
FNDA:60,(anonymous_4)
DA:16,45
DA:17,45
DA:21,12
DA:25,6
DA:28,1
DA:29,1
DA:33,60
DA:34,12
DA:52,48
LF:9
LH:9
BRDA:33,0,0,12
BRDA:33,0,1,48
BRDA:39,1,0,12
BRDA:39,1,1,0
BRF:4
BRH:3
end_of_record
TN:
SF:src/components/KeyboardShortcuts.tsx
FN:20,KeyboardShortcuts
FN:24,(anonymous_1)
FN:27,(anonymous_2)
FN:28,(anonymous_3)
FN:35,(anonymous_4)
FN:39,(anonymous_5)
FN:40,(anonymous_6)
FN:41,(anonymous_7)
FN:42,(anonymous_8)
FN:43,(anonymous_9)
FN:44,(anonymous_10)
FN:45,(anonymous_11)
FN:46,(anonymous_12)
FN:46,(anonymous_13)
FN:61,(anonymous_14)
FN:65,(anonymous_15)
FN:77,(anonymous_16)
FN:81,(anonymous_17)
FNF:18
FNH:6
FNDA:32,KeyboardShortcuts
FNDA:1,(anonymous_1)
FNDA:25,(anonymous_2)
FNDA:1,(anonymous_3)
FNDA:25,(anonymous_4)
FNDA:29,(anonymous_5)
FNDA:0,(anonymous_6)
FNDA:0,(anonymous_7)
FNDA:0,(anonymous_8)
FNDA:0,(anonymous_9)
FNDA:0,(anonymous_10)
FNDA:0,(anonymous_11)
FNDA:0,(anonymous_12)
FNDA:0,(anonymous_13)
FNDA:0,(anonymous_14)
FNDA:0,(anonymous_15)
FNDA:0,(anonymous_16)
FNDA:0,(anonymous_17)
DA:6,6
DA:21,32
DA:22,32
DA:24,32
DA:27,32
DA:28,25
DA:29,1
DA:31,1
DA:34,25
DA:35,25
DA:38,32
DA:39,29
DA:40,0
DA:41,0
DA:42,0
DA:43,0
DA:44,0
DA:45,0
DA:46,0
DA:52,32
DA:54,32
DA:56,0
DA:61,0
DA:65,0
DA:78,0
DA:82,0
LF:26
LH:14
BRDA:29,0,0,1
BRDA:29,0,1,0
BRDA:54,1,0,32
BRDA:54,1,1,0
BRDA:61,2,0,0
BRDA:61,2,1,0
BRF:6
BRH:2
end_of_record
TN:
SF:src/components/Layout.tsx
FN:36,Layout
FN:43,(anonymous_1)
FN:52,(anonymous_2)
FN:64,(anonymous_3)
FN:65,(anonymous_4)
FN:74,(anonymous_5)
FN:76,(anonymous_6)
FN:77,(anonymous_7)
FN:86,(anonymous_8)
FN:90,(anonymous_9)
FN:93,(anonymous_10)
FN:96,(anonymous_11)
FN:98,(anonymous_12)
FN:113,(anonymous_13)
FN:114,(anonymous_14)
FN:135,(anonymous_15)
FN:140,(anonymous_16)
FN:167,(anonymous_17)
FN:194,(anonymous_18)
FN:230,(anonymous_19)
FN:238,(anonymous_20)
FN:244,(anonymous_21)
FN:264,(anonymous_22)
FN:292,(anonymous_23)
FN:303,(anonymous_24)
FNF:25
FNH:15
FNDA:30,Layout
FNDA:27,(anonymous_1)
FNDA:23,(anonymous_2)
FNDA:0,(anonymous_3)
FNDA:0,(anonymous_4)
FNDA:23,(anonymous_5)
FNDA:23,(anonymous_6)
FNDA:23,(anonymous_7)
FNDA:0,(anonymous_8)
FNDA:0,(anonymous_9)
FNDA:0,(anonymous_10)
FNDA:26,(anonymous_11)
FNDA:0,(anonymous_12)
FNDA:2,(anonymous_13)
FNDA:2,(anonymous_14)
FNDA:210,(anonymous_15)
FNDA:210,(anonymous_16)
FNDA:0,(anonymous_17)
FNDA:0,(anonymous_18)
FNDA:1,(anonymous_19)
FNDA:210,(anonymous_20)
FNDA:210,(anonymous_21)
FNDA:2,(anonymous_22)
FNDA:0,(anonymous_23)
FNDA:0,(anonymous_24)
DA:26,5
DA:37,30
DA:38,30
DA:39,30
DA:40,30
DA:43,30
DA:44,27
DA:45,27
DA:46,27
DA:48,8
DA:49,8
DA:52,30
DA:53,23
DA:54,23
DA:55,0
DA:56,0
DA:58,23
DA:59,23
DA:61,23
DA:64,30
DA:65,0
DA:66,0
DA:67,0
DA:68,0
DA:72,30
DA:74,30
DA:75,23
DA:76,23
DA:78,23
DA:79,23
DA:80,23
DA:90,30
DA:93,30
DA:96,30
DA:97,26
DA:98,2
DA:99,0
DA:100,0
DA:101,0
DA:104,0
DA:105,0
DA:106,0
DA:107,0
DA:108,0
DA:111,2
DA:113,2
DA:114,2
DA:117,30
DA:136,210
DA:141,210
DA:167,0
DA:194,0
DA:230,1
DA:239,210
DA:245,210
DA:264,2
DA:292,0
DA:303,0
LF:58
LH:40
BRDA:44,0,0,0
BRDA:44,0,1,27
BRDA:46,1,0,19
BRDA:46,1,1,8
BRDA:46,2,0,27
BRDA:46,2,1,27
BRDA:49,3,0,0
BRDA:49,3,1,8
BRDA:54,4,0,0
BRDA:54,4,1,23
BRDA:66,5,0,0
BRDA:66,5,1,0
BRDA:78,6,0,23
BRDA:78,6,1,23
BRDA:78,6,2,23
BRDA:79,7,0,0
BRDA:79,7,1,23
BRDA:79,8,0,23
BRDA:79,8,1,23
BRDA:81,9,0,23
BRDA:81,9,1,23
BRDA:97,10,0,24
BRDA:97,10,1,2
BRDA:99,11,0,0
BRDA:99,11,1,0
BRDA:100,12,0,0
BRDA:100,12,1,0
BRDA:100,13,0,0
BRDA:100,13,1,0
BRDA:104,14,0,0
BRDA:104,14,1,0
BRDA:107,15,0,0
BRDA:107,15,1,0
BRDA:107,16,0,0
BRDA:107,16,1,0
BRDA:107,17,0,0
BRDA:107,17,1,0
BRDA:108,18,0,0
BRDA:108,18,1,0
BRDA:142,19,0,30
BRDA:142,19,1,180
BRDA:183,20,0,0
BRDA:183,20,1,30
BRDA:184,21,0,0
BRDA:184,21,1,30
BRDA:186,22,0,0
BRDA:186,22,1,30
BRDA:205,23,0,30
BRDA:205,23,1,2
BRDA:221,24,0,2
BRDA:221,24,1,28
BRDA:246,25,0,30
BRDA:246,25,1,180
BRDA:279,26,0,0
BRDA:279,26,1,30
BRDA:281,27,0,0
BRDA:281,27,1,30
BRDA:303,28,0,30
BRDA:303,28,1,0
BRF:59
BRH:31
end_of_record
TN:
SF:src/components/NotificationBell.tsx
FN:14,NotificationBell
FN:21,(anonymous_1)
FN:21,(anonymous_2)
FN:21,(anonymous_3)
FN:28,(anonymous_4)
FN:29,(anonymous_5)
FN:32,(anonymous_6)
FN:34,(anonymous_7)
FN:40,(anonymous_8)
FN:43,(anonymous_9)
FN:50,(anonymous_10)
FN:50,(anonymous_11)
FN:71,(anonymous_12)
FN:74,(anonymous_13)
FNF:14
FNH:8
FNDA:70,NotificationBell
FNDA:28,(anonymous_1)
FNDA:10,(anonymous_2)
FNDA:0,(anonymous_3)
FNDA:0,(anonymous_4)
FNDA:0,(anonymous_5)
FNDA:0,(anonymous_6)
FNDA:1,(anonymous_7)
FNDA:56,(anonymous_8)
FNDA:3,(anonymous_9)
FNDA:4,(anonymous_10)
FNDA:4,(anonymous_11)
FNDA:0,(anonymous_12)
FNDA:0,(anonymous_13)
DA:15,70
DA:16,70
DA:17,70
DA:19,70
DA:21,28
DA:27,70
DA:28,0
DA:29,0
DA:32,70
DA:34,70
DA:35,1
DA:36,1
DA:40,70
DA:41,56
DA:42,3
DA:43,3
DA:47,70
DA:50,4
DA:72,0
DA:75,0
LF:20
LH:16
BRDA:32,0,0,70
BRDA:32,0,1,70
BRDA:35,1,0,1
BRDA:35,1,1,0
BRDA:35,2,0,1
BRDA:35,2,1,1
BRDA:41,3,0,3
BRDA:41,3,1,53
BRDA:52,4,0,0
BRDA:52,4,1,70
BRDA:55,5,0,70
BRDA:55,5,1,0
BRDA:57,6,0,0
BRDA:57,6,1,0
BRDA:62,7,0,70
BRDA:62,7,1,3
BRDA:68,8,0,3
BRDA:68,8,1,0
BRDA:68,9,0,3
BRDA:68,9,1,0
BRDA:75,10,0,0
BRDA:75,10,1,0
BRDA:78,11,0,0
BRDA:78,11,1,0
BRDA:82,12,0,0
BRDA:82,12,1,0
BRDA:83,13,0,0
BRDA:83,13,1,0
BRF:28
BRH:13
end_of_record
TN:
SF:src/components/Toast.tsx
FN:10,notifyToastListeners
FN:11,(anonymous_1)
FN:14,addToast
FN:17,(anonymous_3)
FN:22,removeToast
FN:23,(anonymous_5)
FN:27,getToasts
FN:31,subscribeToasts
FN:33,(anonymous_8)
FN:62,ToastItem
FN:66,(anonymous_10)
FN:69,(anonymous_11)
FN:74,(anonymous_12)
FN:76,(anonymous_13)
FN:104,ToastContainer
FN:107,(anonymous_15)
FN:109,(anonymous_16)
FN:117,(anonymous_17)
FNF:18
FNH:11
FNDA:5,notifyToastListeners
FNDA:5,(anonymous_1)
FNDA:5,addToast
FNDA:0,(anonymous_3)
FNDA:0,removeToast
FNDA:0,(anonymous_5)
FNDA:44,getToasts
FNDA:8,subscribeToasts
FNDA:8,(anonymous_8)
FNDA:25,ToastItem
FNDA:15,(anonymous_10)
FNDA:0,(anonymous_11)
FNDA:0,(anonymous_12)
FNDA:0,(anonymous_13)
FNDA:13,ToastContainer
FNDA:8,(anonymous_15)
FNDA:0,(anonymous_16)
FNDA:25,(anonymous_17)
DA:5,2
DA:7,2
DA:8,2
DA:11,5
DA:15,5
DA:16,5
DA:17,5
DA:18,0
DA:23,0
DA:24,0
DA:28,44
DA:32,8
DA:33,8
DA:36,2
DA:55,2
DA:63,25
DA:64,25
DA:66,25
DA:67,15
DA:68,15
DA:69,15
DA:70,0
DA:74,25
DA:75,0
DA:76,0
DA:79,25
DA:80,25
DA:105,13
DA:107,13
DA:109,13
DA:110,0
DA:113,13
DA:115,9
DA:118,25
LF:34
LH:27
BRDA:68,0,0,0
BRDA:68,0,1,15
BRDA:84,1,0,0
BRDA:84,1,1,25
BRDA:113,2,0,4
BRDA:113,2,1,9
BRF:6
BRH:4
end_of_record
TN:
SF:src/components/WhatsNewModal.tsx
FN:50,WhatsNewModal
FN:51,(anonymous_1)
FN:59,(anonymous_2)
FN:65,(anonymous_3)
FN:66,(anonymous_4)
FN:79,(anonymous_5)
FN:86,(anonymous_6)
FNF:7
FNH:6
FNDA:7,WhatsNewModal
FNDA:3,(anonymous_1)
FNDA:1,(anonymous_2)
FNDA:1,(anonymous_3)
FNDA:0,(anonymous_4)
FNDA:21,(anonymous_5)
FNDA:168,(anonymous_6)
DA:5,6
DA:51,7
DA:52,7
DA:54,7
DA:59,1
DA:65,1
DA:66,0
DA:80,21
DA:87,168
LF:9
LH:8
BRDA:59,0,0,1
BRDA:59,0,1,0
BRF:2
BRH:1
end_of_record
TN:
SF:src/components/Animation/AnimateTab.tsx
FN:30,AnimateTab
FN:34,(anonymous_1)
FN:35,(anonymous_2)
FN:38,(anonymous_3)
FN:42,(anonymous_4)
FN:43,(anonymous_5)
FN:46,(anonymous_6)
FN:49,(anonymous_7)
FN:50,(anonymous_8)
FN:57,(anonymous_9)
FN:73,(anonymous_10)
FN:73,(anonymous_11)
FN:79,(anonymous_12)
FN:94,(anonymous_13)
FN:96,(anonymous_14)
FN:100,(anonymous_15)
FN:106,(anonymous_16)
FN:106,(anonymous_17)
FN:111,(anonymous_18)
FN:112,(anonymous_19)
FN:116,(anonymous_20)
FN:139,(anonymous_21)
FN:154,(anonymous_22)
FN:157,(anonymous_23)
FN:169,(anonymous_24)
FN:172,(anonymous_25)
FN:184,(anonymous_26)
FN:187,(anonymous_27)
FN:198,(anonymous_28)
FN:201,(anonymous_29)
FN:221,(anonymous_30)
FN:233,(anonymous_31)
FN:251,(anonymous_32)
FN:283,(anonymous_33)
FN:317,(anonymous_34)
FNF:35
FNH:15
FNDA:6,AnimateTab
FNDA:0,(anonymous_1)
FNDA:0,(anonymous_2)
FNDA:1,(anonymous_3)
FNDA:2,(anonymous_4)
FNDA:8,(anonymous_5)
FNDA:1,(anonymous_6)
FNDA:0,(anonymous_7)
FNDA:0,(anonymous_8)
FNDA:6,(anonymous_9)
FNDA:1,(anonymous_10)
FNDA:1,(anonymous_11)
FNDA:0,(anonymous_12)
FNDA:0,(anonymous_13)
FNDA:0,(anonymous_14)
FNDA:0,(anonymous_15)
FNDA:5,(anonymous_16)
FNDA:5,(anonymous_17)
FNDA:0,(anonymous_18)
FNDA:0,(anonymous_19)
FNDA:0,(anonymous_20)
FNDA:0,(anonymous_21)
FNDA:0,(anonymous_22)
FNDA:18,(anonymous_23)
FNDA:0,(anonymous_24)
FNDA:24,(anonymous_25)
FNDA:0,(anonymous_26)
FNDA:96,(anonymous_27)
FNDA:30,(anonymous_28)
FNDA:1,(anonymous_29)
FNDA:0,(anonymous_30)
FNDA:0,(anonymous_31)
FNDA:0,(anonymous_32)
FNDA:0,(anonymous_33)
FNDA:0,(anonymous_34)
DA:15,1
DA:31,6
DA:32,6
DA:34,6
DA:35,0
DA:38,6
DA:39,1
DA:40,1
DA:42,1
DA:43,8
DA:44,2
DA:46,1
DA:49,6
DA:50,0
DA:51,0
DA:55,6
DA:56,6
DA:57,6
DA:71,6
DA:73,1
DA:78,6
DA:80,0
DA:94,0
DA:97,0
DA:98,0
DA:100,0
DA:104,6
DA:106,5
DA:110,6
DA:111,0
DA:113,0
DA:114,0
DA:116,0
DA:119,6
DA:121,6
DA:139,0
DA:154,0
DA:158,18
DA:169,0
DA:173,24
DA:184,0
DA:188,96
DA:199,30
DA:201,1
DA:221,0
DA:233,0
DA:251,0
DA:284,0
DA:317,0
LF:49
LH:28
BRDA:55,0,0,6
BRDA:55,0,1,6
BRDA:55,0,2,6
BRDA:55,0,3,6
BRDA:55,0,4,1
BRDA:61,1,0,1
BRDA:61,1,1,5
BRDA:62,2,0,1
BRDA:62,2,1,5
BRDA:81,3,0,0
BRDA:81,3,1,0
BRDA:119,4,0,6
BRDA:119,4,1,6
BRDA:241,5,0,6
BRDA:241,5,1,1
BRDA:252,6,0,6
BRDA:252,6,1,6
BRDA:252,6,2,1
BRDA:255,7,0,0
BRDA:255,7,1,6
BRDA:260,8,0,0
BRDA:260,8,1,6
BRDA:281,9,0,0
BRDA:281,9,1,6
BRDA:281,10,0,6
BRDA:281,10,1,0
BRDA:289,11,0,0
BRDA:289,11,1,0
BRDA:293,12,0,0
BRDA:293,12,1,0
BRDA:296,13,0,0
BRDA:296,13,1,0
BRDA:299,14,0,0
BRDA:299,14,1,0
BRDA:302,15,0,0
BRDA:302,15,1,0
BRDA:313,16,0,0
BRDA:313,16,1,0
BRF:38
BRH:20
end_of_record
TN:
SF:src/components/Animation/AnimationPresets.tsx
FN:13,AnimationPresets
FN:21,(anonymous_1)
FN:21,(anonymous_2)
FN:25,(anonymous_3)
FN:30,(anonymous_4)
FN:32,(anonymous_5)
FN:37,(anonymous_6)
FN:41,(anonymous_7)
FN:42,(anonymous_8)
FN:43,(anonymous_9)
FN:48,(anonymous_10)
FN:52,(anonymous_11)
FN:53,(anonymous_12)
FN:57,(anonymous_13)
FN:67,(anonymous_14)
FN:77,(anonymous_15)
FN:82,(anonymous_16)
FN:88,(anonymous_17)
FN:97,(anonymous_18)
FN:103,(anonymous_19)
FN:113,(anonymous_20)
FN:131,(anonymous_21)
FN:136,(anonymous_22)
FNF:23
FNH:3
FNDA:6,AnimationPresets
FNDA:5,(anonymous_1)
FNDA:5,(anonymous_2)
FNDA:0,(anonymous_3)
FNDA:0,(anonymous_4)
FNDA:0,(anonymous_5)
FNDA:0,(anonymous_6)
FNDA:0,(anonymous_7)
FNDA:0,(anonymous_8)
FNDA:0,(anonymous_9)
FNDA:0,(anonymous_10)
FNDA:0,(anonymous_11)
FNDA:0,(anonymous_12)
FNDA:0,(anonymous_13)
FNDA:0,(anonymous_14)
FNDA:0,(anonymous_15)
FNDA:0,(anonymous_16)
FNDA:0,(anonymous_17)
FNDA:0,(anonymous_18)
FNDA:0,(anonymous_19)
FNDA:0,(anonymous_20)
FNDA:0,(anonymous_21)
FNDA:0,(anonymous_22)
DA:14,6
DA:15,6
DA:16,6
DA:17,6
DA:19,6
DA:21,5
DA:24,6
DA:27,0
DA:28,0
DA:30,0
DA:33,0
DA:34,0
DA:35,0
DA:37,0
DA:40,6
DA:42,0
DA:44,0
DA:45,0
DA:46,0
DA:48,0
DA:51,6
DA:52,0
DA:54,0
DA:55,0
DA:57,0
DA:60,6
DA:68,0
DA:77,0
DA:82,0
DA:88,0
DA:97,0
DA:104,0
DA:105,0
DA:113,0
DA:131,0
DA:136,0
LF:36
LH:10
BRDA:29,0,0,0
BRDA:29,0,1,0
BRDA:65,1,0,6
BRDA:65,1,1,0
BRDA:65,1,2,0
BRDA:72,2,0,0
BRDA:72,2,1,0
BRF:7
BRH:1
end_of_record
TN:
SF:src/components/Animation/AnimationSettingsPanel.tsx
FN:19,calcFps
FN:25,AnimationSettingsPanel
FN:26,(anonymous_2)
FN:40,(anonymous_3)
FN:43,(anonymous_4)
FN:64,(anonymous_5)
FN:74,(anonymous_6)
FN:84,(anonymous_7)
FN:104,(anonymous_8)
FN:110,(anonymous_9)
FN:125,(anonymous_10)
FN:138,(anonymous_11)
FN:141,(anonymous_12)
FN:162,(anonymous_13)
FN:167,(anonymous_14)
FNF:15
FNH:5
FNDA:0,calcFps
FNDA:6,AnimationSettingsPanel
FNDA:0,(anonymous_2)
FNDA:30,(anonymous_3)
FNDA:0,(anonymous_4)
FNDA:0,(anonymous_5)
FNDA:0,(anonymous_6)
FNDA:0,(anonymous_7)
FNDA:18,(anonymous_8)
FNDA:0,(anonymous_9)
FNDA:0,(anonymous_10)
FNDA:18,(anonymous_11)
FNDA:0,(anonymous_12)
FNDA:18,(anonymous_13)
FNDA:0,(anonymous_14)
DA:11,1
DA:20,0
DA:21,0
DA:22,0
DA:26,6
DA:27,0
DA:30,6
DA:41,30
DA:43,0
DA:64,0
DA:74,0
DA:84,0
DA:105,18
DA:110,0
DA:125,0
DA:139,18
DA:141,0
DA:163,18
DA:168,0
LF:19
LH:7
BRDA:20,0,0,0
BRDA:20,0,1,0
BRDA:76,1,0,6
BRDA:76,1,1,0
BRDA:86,2,0,0
BRDA:86,2,1,6
BRDA:143,3,0,6
BRDA:143,3,1,12
BRF:8
BRH:4
end_of_record
TN:
SF:src/components/Animation/BatchAnimationPanel.tsx
FN:12,BatchAnimationPanel
FN:15,(anonymous_1)
FN:16,(anonymous_2)
FN:22,(anonymous_3)
FN:23,(anonymous_4)
FN:23,(anonymous_5)
FN:27,(anonymous_6)
FN:30,(anonymous_7)
FN:45,(anonymous_8)
FN:46,(anonymous_9)
FN:50,(anonymous_10)
FN:63,(anonymous_11)
FN:82,(anonymous_12)
FN:102,(anonymous_13)
FNF:14
FNH:1
FNDA:6,BatchAnimationPanel
FNDA:0,(anonymous_1)
FNDA:0,(anonymous_2)
FNDA:0,(anonymous_3)
FNDA:0,(anonymous_4)
FNDA:0,(anonymous_5)
FNDA:0,(anonymous_6)
FNDA:0,(anonymous_7)
FNDA:0,(anonymous_8)
FNDA:0,(anonymous_9)
FNDA:0,(anonymous_10)
FNDA:0,(anonymous_11)
FNDA:0,(anonymous_12)
FNDA:0,(anonymous_13)
DA:13,6
DA:15,6
DA:16,0
DA:22,6
DA:23,0
DA:26,6
DA:28,0
DA:30,0
DA:45,0
DA:47,0
DA:48,0
DA:50,0
DA:53,6
DA:64,0
DA:82,0
DA:102,0
LF:16
LH:5
BRDA:57,0,0,6
BRDA:57,0,1,0
BRDA:74,1,0,0
BRDA:74,1,1,0
BRDA:75,2,0,0
BRDA:75,2,1,0
BRDA:100,3,0,6
BRDA:100,3,1,0
BRDA:106,4,0,0
BRDA:106,4,1,0
BRF:10
BRH:2
end_of_record
TN:
SF:src/components/Animation/FrameRangePreview.tsx
FN:10,SkeletonCard
FN:19,FrameRangePreview
FN:55,(anonymous_2)
FNF:3
FNH:2
FNDA:3,SkeletonCard
FNDA:1,FrameRangePreview
FNDA:0,(anonymous_2)
DA:11,3
DA:20,1
DA:21,1
DA:33,0
DA:34,0
DA:41,0
DA:42,0
DA:50,0
DA:52,0
DA:56,0
LF:10
LH:3
BRDA:20,0,0,1
BRDA:20,0,1,0
BRDA:33,1,0,0
BRDA:33,1,1,0
BRDA:41,2,0,0
BRDA:41,2,1,0
BRDA:41,3,0,0
BRDA:41,3,1,0
BRDA:58,4,0,0
BRDA:58,4,1,0
BRDA:83,5,0,0
BRDA:83,5,1,0
BRF:12
BRH:1
end_of_record
TN:
SF:src/components/Animation/types.ts
FN:63,(anonymous_0)
FNF:1
FNH:1
FNDA:16,(anonymous_0)
DA:53,1
DA:61,1
DA:62,1
DA:63,16
DA:65,1
LF:5
LH:5
BRF:0
BRH:0
end_of_record
TN:
SF:src/components/GoesData/AddToCollectionModal.tsx
FN:9,AddToCollectionModal
FN:15,(anonymous_1)
FN:16,(anonymous_2)
FN:18,(anonymous_3)
FN:23,(anonymous_4)
FN:23,(anonymous_5)
FN:27,(anonymous_6)
FN:30,(anonymous_7)
FN:35,(anonymous_8)
FN:39,(anonymous_9)
FN:43,(anonymous_10)
FN:48,(anonymous_11)
FN:54,(anonymous_12)
FN:62,(anonymous_13)
FN:65,(anonymous_14)
FN:68,(anonymous_15)
FN:78,(anonymous_16)
FN:82,(anonymous_17)
FNF:18
FNH:8
FNDA:8,AddToCollectionModal
FNDA:7,(anonymous_1)
FNDA:1,(anonymous_2)
FNDA:7,(anonymous_3)
FNDA:7,(anonymous_4)
FNDA:7,(anonymous_5)
FNDA:0,(anonymous_6)
FNDA:0,(anonymous_7)
FNDA:0,(anonymous_8)
FNDA:0,(anonymous_9)
FNDA:0,(anonymous_10)
FNDA:0,(anonymous_11)
FNDA:1,(anonymous_12)
FNDA:0,(anonymous_13)
FNDA:0,(anonymous_14)
FNDA:0,(anonymous_15)
FNDA:1,(anonymous_16)
FNDA:0,(anonymous_17)
DA:10,8
DA:11,8
DA:12,8
DA:13,8
DA:15,8
DA:16,7
DA:17,7
DA:18,7
DA:21,8
DA:23,7
DA:26,8
DA:28,0
DA:31,0
DA:32,0
DA:33,0
DA:35,0
DA:38,8
DA:40,0
DA:41,0
DA:44,0
DA:45,0
DA:46,0
DA:48,0
DA:51,8
DA:54,1
DA:62,0
DA:65,0
DA:68,0
DA:78,1
DA:82,0
LF:30
LH:15
BRDA:67,0,0,8
BRDA:67,0,1,0
BRDA:71,1,0,0
BRDA:71,1,1,0
BRDA:81,2,0,8
BRDA:81,2,1,1
BRDA:85,3,0,0
BRDA:85,3,1,1
BRF:8
BRH:4
end_of_record
TN:
SF:src/components/GoesData/AnimationPlayer.tsx
FN:23,AnimationPlayer
FN:37,(anonymous_1)
FN:42,(anonymous_2)
FN:57,(anonymous_3)
FN:59,(anonymous_4)
FN:60,(anonymous_5)
FN:70,(anonymous_6)
FN:75,(anonymous_7)
FN:77,(anonymous_8)
FN:80,(anonymous_9)
FN:82,(anonymous_10)
FN:85,(anonymous_11)
FN:86,(anonymous_12)
FN:90,(anonymous_13)
FN:91,(anonymous_14)
FN:108,(anonymous_15)
FN:112,(anonymous_16)
FN:114,(anonymous_17)
FN:120,(anonymous_18)
FN:123,(anonymous_19)
FN:124,(anonymous_20)
FN:128,(anonymous_21)
FN:194,(anonymous_22)
FN:230,(anonymous_23)
FN:233,(anonymous_24)
FN:248,(anonymous_25)
FN:248,(anonymous_26)
FNF:27
FNH:18
FNDA:17,AnimationPlayer
FNDA:43,(anonymous_1)
FNDA:15,(anonymous_2)
FNDA:13,(anonymous_3)
FNDA:0,(anonymous_4)
FNDA:0,(anonymous_5)
FNDA:13,(anonymous_6)
FNDA:2,(anonymous_7)
FNDA:2,(anonymous_8)
FNDA:1,(anonymous_9)
FNDA:1,(anonymous_10)
FNDA:2,(anonymous_11)
FNDA:2,(anonymous_12)
FNDA:11,(anonymous_13)
FNDA:0,(anonymous_14)
FNDA:11,(anonymous_15)
FNDA:0,(anonymous_16)
FNDA:0,(anonymous_17)
FNDA:0,(anonymous_18)
FNDA:11,(anonymous_19)
FNDA:0,(anonymous_20)
FNDA:11,(anonymous_21)
FNDA:1,(anonymous_22)
FNDA:68,(anonymous_23)
FNDA:1,(anonymous_24)
FNDA:0,(anonymous_25)
FNDA:0,(anonymous_26)
DA:19,1
DA:20,1
DA:21,1
DA:24,17
DA:25,17
DA:26,17
DA:27,17
DA:28,17
DA:29,17
DA:30,17
DA:31,17
DA:33,17
DA:34,17
DA:36,17
DA:37,43
DA:42,17
DA:43,15
DA:44,75
DA:45,75
DA:46,26
DA:47,26
DA:48,22
DA:49,22
DA:50,22
DA:57,17
DA:58,13
DA:59,1
DA:60,0
DA:61,0
DA:62,0
DA:63,0
DA:64,0
DA:66,0
DA:70,13
DA:71,13
DA:75,17
DA:76,2
DA:77,2
DA:80,17
DA:81,1
DA:82,1
DA:85,17
DA:86,2
DA:90,17
DA:91,11
DA:92,0
DA:93,0
DA:94,0
DA:95,0
DA:96,0
DA:97,0
DA:98,0
DA:99,0
DA:100,0
DA:101,0
DA:103,0
DA:107,11
DA:108,11
DA:112,17
DA:113,0
DA:114,0
DA:117,0
DA:118,0
DA:120,0
DA:123,17
DA:124,11
DA:125,0
DA:127,11
DA:128,11
DA:131,17
DA:132,0
DA:144,17
DA:195,1
DA:196,1
DA:231,68
DA:233,1
DA:248,0
LF:77
LH:52
BRDA:45,0,0,26
BRDA:45,0,1,49
BRDA:47,1,0,22
BRDA:47,1,1,4
BRDA:58,2,0,1
BRDA:58,2,1,12
BRDA:61,3,0,0
BRDA:61,3,1,0
BRDA:62,4,0,0
BRDA:62,4,1,0
BRDA:71,5,0,2
BRDA:71,5,1,11
BRDA:92,6,0,0
BRDA:92,6,1,0
BRDA:92,7,0,0
BRDA:92,7,1,0
BRDA:95,8,0,0
BRDA:95,8,1,0
BRDA:97,9,0,0
BRDA:97,9,1,0
BRDA:99,10,0,0
BRDA:99,10,1,0
BRDA:100,11,0,0
BRDA:100,11,1,0
BRDA:113,12,0,0
BRDA:113,12,1,0
BRDA:113,13,0,0
BRDA:113,13,1,0
BRDA:117,14,0,0
BRDA:117,14,1,0
BRDA:125,15,0,0
BRDA:125,15,1,0
BRDA:131,16,0,0
BRDA:131,16,1,17
BRDA:148,17,0,0
BRDA:148,17,1,17
BRDA:159,18,0,17
BRDA:159,18,1,17
BRDA:176,19,0,17
BRDA:176,19,1,17
BRDA:215,20,0,1
BRDA:215,20,1,16
BRDA:217,21,0,1
BRDA:217,21,1,16
BRDA:235,22,0,17
BRDA:235,22,1,51
BRDA:250,23,0,17
BRDA:250,23,1,0
BRDA:254,24,0,17
BRDA:254,24,1,0
BRDA:263,25,0,0
BRDA:263,25,1,17
BRDA:265,26,0,0
BRDA:265,26,1,17
BRF:54
BRH:24
end_of_record
TN:
SF:src/components/GoesData/Breadcrumb.tsx
FN:12,Breadcrumb
FN:17,(anonymous_1)
FNF:2
FNH:2
FNDA:16,Breadcrumb
FNDA:30,(anonymous_1)
DA:13,16
DA:15,15
DA:18,30
DA:19,30
LF:4
LH:4
BRDA:13,0,0,1
BRDA:13,0,1,15
BRDA:21,1,0,30
BRDA:21,1,1,15
BRDA:22,2,0,26
BRDA:22,2,1,4
BRDA:22,3,0,30
BRDA:22,3,1,15
BRDA:23,4,0,15
BRDA:23,4,1,11
BRF:10
BRH:10
end_of_record
TN:
SF:src/components/GoesData/BrowseTab.tsx
FN:30,BrowseTab
FN:53,(anonymous_1)
FN:53,(anonymous_2)
FN:58,(anonymous_3)
FN:58,(anonymous_4)
FN:63,(anonymous_5)
FN:63,(anonymous_6)
FN:73,(anonymous_7)
FN:85,(anonymous_8)
FN:85,(anonymous_9)
FN:89,(anonymous_10)
FN:90,(anonymous_11)
FN:95,(anonymous_12)
FN:99,(anonymous_13)
FN:100,(anonymous_14)
FN:101,(anonymous_15)
FN:105,(anonymous_16)
FN:108,(anonymous_17)
FN:109,(anonymous_18)
FN:117,(anonymous_19)
FN:126,(anonymous_20)
FN:131,(anonymous_21)
FN:137,(anonymous_22)
FN:141,(anonymous_23)
FN:161,(anonymous_24)
FN:172,(anonymous_25)
FN:182,(anonymous_26)
FN:195,(anonymous_27)
FN:210,(anonymous_28)
FN:213,(anonymous_29)
FN:219,(anonymous_30)
FN:222,(anonymous_31)
FN:228,(anonymous_32)
FN:231,(anonymous_33)
FN:237,(anonymous_34)
FN:240,(anonymous_35)
FN:246,(anonymous_36)
FN:249,(anonymous_37)
FN:255,(anonymous_38)
FN:266,(anonymous_39)
FN:293,(anonymous_40)
FN:297,(anonymous_41)
FN:301,(anonymous_42)
FN:305,(anonymous_43)
FN:311,(anonymous_44)
FN:312,(anonymous_45)
FN:320,(anonymous_46)
FN:342,(anonymous_47)
FN:356,(anonymous_48)
FN:360,(anonymous_49)
FN:379,(anonymous_50)
FN:379,(anonymous_51)
FN:384,(anonymous_52)
FN:384,(anonymous_53)
FN:393,(anonymous_54)
FN:396,(anonymous_55)
FN:401,(anonymous_56)
FN:403,(anonymous_57)
FN:407,(anonymous_58)
FNF:59
FNH:16
FNDA:10,BrowseTab
FNDA:8,(anonymous_1)
FNDA:8,(anonymous_2)
FNDA:8,(anonymous_3)
FNDA:8,(anonymous_4)
FNDA:8,(anonymous_5)
FNDA:8,(anonymous_6)
FNDA:8,(anonymous_7)
FNDA:8,(anonymous_8)
FNDA:8,(anonymous_9)
FNDA:0,(anonymous_10)
FNDA:0,(anonymous_11)
FNDA:0,(anonymous_12)
FNDA:0,(anonymous_13)
FNDA:0,(anonymous_14)
FNDA:0,(anonymous_15)
FNDA:0,(anonymous_16)
FNDA:0,(anonymous_17)
FNDA:0,(anonymous_18)
FNDA:0,(anonymous_19)
FNDA:0,(anonymous_20)
FNDA:0,(anonymous_21)
FNDA:10,(anonymous_22)
FNDA:64,(anonymous_23)
FNDA:0,(anonymous_24)
FNDA:1,(anonymous_25)
FNDA:0,(anonymous_26)
FNDA:0,(anonymous_27)
FNDA:0,(anonymous_28)
FNDA:4,(anonymous_29)
FNDA:0,(anonymous_30)
FNDA:2,(anonymous_31)
FNDA:0,(anonymous_32)
FNDA:2,(anonymous_33)
FNDA:0,(anonymous_34)
FNDA:0,(anonymous_35)
FNDA:0,(anonymous_36)
FNDA:0,(anonymous_37)
FNDA:0,(anonymous_38)
FNDA:0,(anonymous_39)
FNDA:0,(anonymous_40)
FNDA:0,(anonymous_41)
FNDA:0,(anonymous_42)
FNDA:0,(anonymous_43)
FNDA:0,(anonymous_44)
FNDA:0,(anonymous_45)
FNDA:0,(anonymous_46)
FNDA:0,(anonymous_47)
FNDA:0,(anonymous_48)
FNDA:0,(anonymous_49)
FNDA:0,(anonymous_50)
FNDA:0,(anonymous_51)
FNDA:0,(anonymous_52)
FNDA:0,(anonymous_53)
FNDA:0,(anonymous_54)
FNDA:0,(anonymous_55)
FNDA:0,(anonymous_56)
FNDA:0,(anonymous_57)
FNDA:0,(anonymous_58)
DA:31,10
DA:32,10
DA:33,10
DA:34,10
DA:35,10
DA:36,10
DA:37,10
DA:38,10
DA:39,10
DA:40,10
DA:43,10
DA:44,10
DA:45,10
DA:46,10
DA:47,10
DA:48,10
DA:49,10
DA:51,10
DA:53,8
DA:56,10
DA:58,8
DA:61,10
DA:63,8
DA:67,10
DA:68,10
DA:69,10
DA:70,10
DA:71,10
DA:73,10
DA:74,8
DA:75,8
DA:76,8
DA:77,8
DA:78,8
DA:79,8
DA:80,8
DA:83,10
DA:85,8
DA:88,10
DA:89,0
DA:91,0
DA:92,0
DA:93,0
DA:95,0
DA:98,10
DA:100,0
DA:102,0
DA:103,0
DA:105,0
DA:108,10
DA:109,0
DA:110,0
DA:111,0
DA:112,0
DA:113,0
DA:117,10
DA:118,0
DA:119,0
DA:121,0
DA:122,0
DA:126,10
DA:127,0
DA:128,0
DA:129,0
DA:131,0
DA:135,10
DA:137,10
DA:138,10
DA:139,8
DA:142,64
DA:153,2
DA:154,1
DA:163,0
DA:169,1
DA:170,1
DA:173,1
DA:180,0
DA:183,0
DA:191,10
DA:195,0
DA:210,0
DA:213,4
DA:219,0
DA:222,2
DA:228,0
DA:231,2
DA:237,0
DA:240,0
DA:246,0
DA:249,0
DA:255,0
DA:266,0
DA:293,0
DA:297,0
DA:301,0
DA:305,0
DA:312,0
DA:313,0
DA:321,0
DA:322,0
DA:323,0
DA:324,0
DA:325,0
DA:326,0
DA:328,0
DA:343,0
DA:344,0
DA:345,0
DA:346,0
DA:347,0
DA:348,0
DA:356,0
DA:360,0
DA:379,0
DA:384,0
DA:393,0
DA:396,0
DA:401,0
DA:403,0
DA:407,0
LF:120
LH:57
BRDA:75,0,0,0
BRDA:75,0,1,8
BRDA:76,1,0,0
BRDA:76,1,1,8
BRDA:77,2,0,0
BRDA:77,2,1,8
BRDA:78,3,0,0
BRDA:78,3,1,8
BRDA:79,4,0,0
BRDA:79,4,1,8
BRDA:111,5,0,0
BRDA:111,5,1,0
BRDA:118,6,0,0
BRDA:118,6,1,0
BRDA:118,7,0,0
BRDA:118,7,1,0
BRDA:118,7,2,0
BRDA:127,8,0,0
BRDA:127,8,1,0
BRDA:128,9,0,0
BRDA:128,9,1,0
BRDA:135,10,0,2
BRDA:135,10,1,8
BRDA:138,11,0,8
BRDA:138,11,1,2
BRDA:153,12,0,1
BRDA:153,12,1,1
BRDA:153,13,0,2
BRDA:153,13,1,2
BRDA:169,14,0,1
BRDA:169,14,1,0
BRDA:204,15,0,0
BRDA:204,15,1,10
BRDA:281,16,0,0
BRDA:281,16,1,10
BRDA:281,17,0,10
BRDA:281,17,1,0
BRDA:281,17,2,0
BRDA:285,18,0,10
BRDA:285,18,1,0
BRDA:291,19,0,10
BRDA:291,19,1,0
BRDA:310,20,0,0
BRDA:310,20,1,0
BRDA:310,20,2,0
BRDA:313,21,0,0
BRDA:313,21,1,0
BRDA:319,22,0,0
BRDA:319,22,1,0
BRDA:344,23,0,0
BRDA:344,23,1,0
BRDA:345,24,0,0
BRDA:345,24,1,0
BRDA:346,25,0,0
BRDA:346,25,1,0
BRDA:357,26,0,10
BRDA:357,26,1,0
BRDA:361,27,0,0
BRDA:361,27,1,10
BRDA:370,28,0,2
BRDA:370,28,1,8
BRDA:377,29,0,10
BRDA:377,29,1,0
BRDA:392,30,0,10
BRDA:392,30,1,0
BRDA:395,31,0,10
BRDA:395,31,1,0
BRDA:398,32,0,10
BRDA:398,32,1,0
BRDA:406,33,0,10
BRDA:406,33,1,0
BRDA:410,34,0,10
BRDA:410,34,1,0
BRF:73
BRH:29
end_of_record
TN:
SF:src/components/GoesData/CleanupTab.tsx
FN:30,formatBytes
FN:38,CleanupTab
FN:45,(anonymous_2)
FN:45,(anonymous_3)
FN:50,(anonymous_4)
FN:50,(anonymous_5)
FN:55,(anonymous_6)
FN:55,(anonymous_7)
FN:60,(anonymous_8)
FN:60,(anonymous_9)
FN:61,(anonymous_10)
FN:62,(anonymous_11)
FN:66,(anonymous_12)
FN:67,(anonymous_13)
FN:68,(anonymous_14)
FN:72,(anonymous_15)
FN:72,(anonymous_16)
FN:73,(anonymous_17)
FN:74,(anonymous_18)
FN:78,(anonymous_19)
FN:78,(anonymous_20)
FN:79,(anonymous_21)
FN:84,(anonymous_22)
FN:113,(anonymous_23)
FN:128,(anonymous_24)
FN:132,(anonymous_25)
FN:136,(anonymous_26)
FN:160,(anonymous_27)
FN:163,(anonymous_28)
FN:168,(anonymous_29)
FN:172,(anonymous_30)
FN:177,(anonymous_31)
FN:181,(anonymous_32)
FN:190,(anonymous_33)
FN:200,(anonymous_34)
FN:204,(anonymous_35)
FNF:36
FNH:14
FNDA:8,formatBytes
FNDA:17,CleanupTab
FNDA:11,(anonymous_2)
FNDA:10,(anonymous_3)
FNDA:12,(anonymous_4)
FNDA:11,(anonymous_5)
FNDA:0,(anonymous_6)
FNDA:0,(anonymous_7)
FNDA:0,(anonymous_8)
FNDA:0,(anonymous_9)
FNDA:0,(anonymous_10)
FNDA:0,(anonymous_11)
FNDA:0,(anonymous_12)
FNDA:0,(anonymous_13)
FNDA:0,(anonymous_14)
FNDA:0,(anonymous_15)
FNDA:0,(anonymous_16)
FNDA:0,(anonymous_17)
FNDA:0,(anonymous_18)
FNDA:1,(anonymous_19)
FNDA:1,(anonymous_20)
FNDA:1,(anonymous_21)
FNDA:0,(anonymous_22)
FNDA:44,(anonymous_23)
FNDA:0,(anonymous_24)
FNDA:3,(anonymous_25)
FNDA:2,(anonymous_26)
FNDA:0,(anonymous_27)
FNDA:0,(anonymous_28)
FNDA:0,(anonymous_29)
FNDA:0,(anonymous_30)
FNDA:0,(anonymous_31)
FNDA:1,(anonymous_32)
FNDA:1,(anonymous_33)
FNDA:0,(anonymous_34)
FNDA:0,(anonymous_35)
DA:31,8
DA:32,7
DA:33,7
DA:34,7
DA:35,7
DA:39,17
DA:40,17
DA:41,17
DA:43,17
DA:45,11
DA:48,17
DA:50,12
DA:53,17
DA:55,0
DA:59,17
DA:60,0
DA:61,0
DA:62,0
DA:65,17
DA:66,0
DA:67,0
DA:68,0
DA:71,17
DA:72,0
DA:73,0
DA:74,0
DA:77,17
DA:78,1
DA:80,1
DA:81,1
DA:82,1
DA:84,0
DA:87,17
DA:114,44
DA:128,0
DA:132,3
DA:136,2
DA:160,0
DA:163,0
DA:168,0
DA:172,0
DA:177,0
DA:181,1
DA:191,1
DA:200,0
DA:204,0
LF:46
LH:27
BRDA:31,0,0,1
BRDA:31,0,1,7
BRDA:43,1,0,17
BRDA:73,2,0,0
BRDA:73,2,1,0
BRDA:92,3,0,6
BRDA:92,3,1,11
BRDA:132,4,0,1
BRDA:132,4,1,2
BRDA:143,5,0,17
BRDA:143,5,1,1
BRDA:149,6,0,17
BRDA:149,6,1,0
BRDA:158,7,0,17
BRDA:158,7,1,2
BRDA:169,8,0,0
BRDA:169,8,1,2
BRDA:177,9,0,0
BRDA:177,9,1,0
BRDA:189,10,0,17
BRDA:189,10,1,16
BRDA:195,11,0,1
BRDA:195,11,1,0
BRDA:196,12,0,1
BRDA:196,12,1,1
BRDA:201,13,0,1
BRDA:201,13,1,0
BRDA:202,14,0,1
BRDA:202,14,1,0
BRF:29
BRH:20
end_of_record
TN:
SF:src/components/GoesData/CompareView.tsx
FN:10,CompareView
FN:17,(anonymous_1)
FN:28,(anonymous_2)
FN:29,(anonymous_3)
FN:44,(anonymous_4)
FN:45,(anonymous_5)
FN:48,(anonymous_6)
FN:57,(anonymous_7)
FN:63,(anonymous_8)
FN:108,(anonymous_9)
FN:109,(anonymous_10)
FN:110,(anonymous_11)
FNF:12
FNH:7
FNDA:7,CompareView
FNDA:0,(anonymous_1)
FNDA:6,(anonymous_2)
FNDA:1,(anonymous_3)
FNDA:6,(anonymous_4)
FNDA:6,(anonymous_5)
FNDA:14,(anonymous_6)
FNDA:0,(anonymous_7)
FNDA:1,(anonymous_8)
FNDA:0,(anonymous_9)
FNDA:0,(anonymous_10)
FNDA:0,(anonymous_11)
DA:11,7
DA:12,7
DA:13,7
DA:14,7
DA:16,7
DA:18,0
DA:19,0
DA:20,0
DA:21,0
DA:26,7
DA:28,7
DA:29,6
DA:30,1
DA:31,0
DA:32,0
DA:35,0
DA:36,0
DA:37,0
DA:38,0
DA:39,0
DA:42,6
DA:44,6
DA:45,6
DA:48,14
DA:50,7
DA:57,0
DA:63,1
DA:108,0
DA:109,0
DA:110,0
LF:30
LH:15
BRDA:18,0,0,0
BRDA:18,0,1,0
BRDA:30,1,0,1
BRDA:30,1,1,0
BRDA:31,2,0,0
BRDA:31,2,1,0
BRDA:31,3,0,0
BRDA:31,3,1,0
BRDA:35,4,0,0
BRDA:35,4,1,0
BRDA:38,5,0,0
BRDA:38,5,1,0
BRDA:38,6,0,0
BRDA:38,6,1,0
BRDA:38,7,0,0
BRDA:38,7,1,0
BRDA:39,8,0,0
BRDA:39,8,1,0
BRDA:58,9,0,6
BRDA:58,9,1,1
BRDA:64,10,0,1
BRDA:64,10,1,6
BRDA:86,11,0,6
BRDA:86,11,1,1
BRDA:107,12,0,0
BRDA:107,12,1,1
BRF:26
BRH:8
end_of_record
TN:
SF:src/components/GoesData/ComparisonModal.tsx
FN:16,formatBytes
FN:24,ComparisonModal
FN:39,(anonymous_2)
FN:40,(anonymous_3)
FN:42,(anonymous_4)
FN:49,(anonymous_5)
FN:52,(anonymous_6)
FN:59,(anonymous_7)
FN:63,(anonymous_8)
FN:64,(anonymous_9)
FN:67,(anonymous_10)
FN:70,(anonymous_11)
FN:80,(anonymous_12)
FN:85,(anonymous_13)
FN:91,(anonymous_14)
FN:97,(anonymous_15)
FN:111,(anonymous_16)
FN:160,(anonymous_17)
FN:161,(anonymous_18)
FN:162,(anonymous_19)
FNF:20
FNH:10
FNDA:8,formatBytes
FNDA:4,ComparisonModal
FNDA:4,(anonymous_2)
FNDA:0,(anonymous_3)
FNDA:4,(anonymous_4)
FNDA:8,(anonymous_5)
FNDA:0,(anonymous_6)
FNDA:0,(anonymous_7)
FNDA:4,(anonymous_8)
FNDA:0,(anonymous_9)
FNDA:0,(anonymous_10)
FNDA:4,(anonymous_11)
FNDA:1,(anonymous_12)
FNDA:1,(anonymous_13)
FNDA:0,(anonymous_14)
FNDA:0,(anonymous_15)
FNDA:8,(anonymous_16)
FNDA:0,(anonymous_17)
FNDA:0,(anonymous_18)
FNDA:0,(anonymous_19)
DA:17,8
DA:18,8
DA:19,8
DA:20,8
DA:21,8
DA:33,4
DA:34,4
DA:35,4
DA:36,4
DA:37,4
DA:39,4
DA:40,4
DA:41,4
DA:42,4
DA:44,4
DA:46,4
DA:47,4
DA:49,4
DA:50,8
DA:52,4
DA:53,0
DA:54,0
DA:55,0
DA:56,0
DA:59,4
DA:60,0
DA:63,4
DA:64,4
DA:65,0
DA:67,4
DA:68,4
DA:69,4
DA:70,4
DA:71,4
DA:72,4
DA:76,4
DA:80,1
DA:85,1
DA:91,0
DA:97,0
DA:112,8
DA:161,0
DA:162,0
LF:43
LH:33
BRDA:17,0,0,0
BRDA:17,0,1,8
BRDA:46,1,0,0
BRDA:46,1,1,4
BRDA:47,2,0,0
BRDA:47,2,1,4
BRDA:50,3,0,8
BRDA:50,3,1,8
BRDA:53,4,0,0
BRDA:53,4,1,0
BRDA:65,5,0,0
BRDA:65,5,1,0
BRDA:87,6,0,4
BRDA:87,6,1,0
BRDA:93,7,0,0
BRDA:93,7,1,4
BRDA:109,8,0,4
BRDA:109,8,1,0
BRDA:161,9,0,0
BRDA:161,9,1,0
BRDA:161,10,0,0
BRDA:161,10,1,0
BRF:22
BRH:8
end_of_record
TN:
SF:src/components/GoesData/CompositesTab.tsx
FN:33,formatBytes
FN:50,CompositesTab
FN:59,(anonymous_2)
FN:59,(anonymous_3)
FN:64,(anonymous_4)
FN:64,(anonymous_5)
FN:69,(anonymous_6)
FN:69,(anonymous_7)
FN:74,(anonymous_8)
FN:80,(anonymous_9)
FN:81,(anonymous_10)
FN:85,(anonymous_11)
FN:96,(anonymous_12)
FN:99,(anonymous_13)
FN:111,(anonymous_14)
FN:129,(anonymous_15)
FN:131,(anonymous_16)
FN:136,(anonymous_17)
FN:138,(anonymous_18)
FN:143,(anonymous_19)
FN:148,(anonymous_20)
FN:172,(anonymous_21)
FNF:22
FNH:10
FNDA:0,formatBytes
FNDA:7,CompositesTab
FNDA:4,(anonymous_2)
FNDA:4,(anonymous_3)
FNDA:4,(anonymous_4)
FNDA:4,(anonymous_5)
FNDA:4,(anonymous_6)
FNDA:4,(anonymous_7)
FNDA:0,(anonymous_8)
FNDA:0,(anonymous_9)
FNDA:0,(anonymous_10)
FNDA:0,(anonymous_11)
FNDA:5,(anonymous_12)
FNDA:0,(anonymous_13)
FNDA:13,(anonymous_14)
FNDA:0,(anonymous_15)
FNDA:0,(anonymous_16)
FNDA:0,(anonymous_17)
FNDA:0,(anonymous_18)
FNDA:0,(anonymous_19)
FNDA:0,(anonymous_20)
FNDA:1,(anonymous_21)
DA:34,0
DA:35,0
DA:36,0
DA:37,0
DA:38,0
DA:41,1
DA:51,7
DA:52,7
DA:53,7
DA:54,7
DA:55,7
DA:57,7
DA:59,4
DA:62,7
DA:64,4
DA:67,7
DA:69,4
DA:73,7
DA:75,0
DA:80,0
DA:82,0
DA:83,0
DA:85,0
DA:88,7
DA:97,5
DA:99,0
DA:112,13
DA:129,0
DA:131,0
DA:136,0
DA:138,0
DA:143,0
DA:148,0
DA:173,1
LF:34
LH:17
BRDA:34,0,0,0
BRDA:34,0,1,0
BRDA:101,1,0,0
BRDA:101,1,1,5
BRDA:108,2,0,5
BRDA:108,2,1,0
BRDA:123,3,0,7
BRDA:123,3,1,0
BRDA:149,4,0,0
BRDA:149,4,1,0
BRDA:153,5,0,0
BRDA:153,5,1,0
BRDA:155,6,0,0
BRDA:155,6,1,0
BRDA:161,7,0,0
BRDA:161,7,1,0
BRDA:170,8,0,1
BRDA:170,8,1,6
BRDA:170,9,0,7
BRDA:170,9,1,3
BRDA:174,10,0,1
BRDA:174,10,1,0
BRDA:174,10,2,0
BRDA:188,11,0,1
BRDA:188,11,1,0
BRDA:192,12,0,1
BRDA:192,12,1,0
BRDA:195,13,0,1
BRDA:195,13,1,0
BRDA:198,14,0,1
BRDA:198,14,1,1
BRDA:201,15,0,1
BRDA:201,15,1,0
BRDA:209,16,0,1
BRDA:209,16,1,0
BRF:35
BRH:15
end_of_record
TN:
SF:src/components/GoesData/EmptyState.tsx
FN:13,EmptyState
FNF:1
FNH:1
FNDA:4,EmptyState
DA:14,4
LF:1
LH:1
BRDA:21,0,0,4
BRDA:21,0,1,2
BRF:2
BRH:2
end_of_record
TN:
SF:src/components/GoesData/FetchTab.tsx
FN:16,formatAvailRange
FN:25,isDateInRange
FN:34,FetchTab
FN:43,(anonymous_3)
FN:43,(anonymous_4)
FN:48,(anonymous_5)
FN:65,(anonymous_6)
FN:66,(anonymous_7)
FN:73,(anonymous_8)
FN:80,(anonymous_9)
FN:88,(anonymous_10)
FN:88,(anonymous_11)
FN:95,(anonymous_12)
FN:100,(anonymous_13)
FN:101,(anonymous_14)
FN:102,(anonymous_15)
FN:110,(anonymous_16)
FN:110,(anonymous_17)
FN:111,(anonymous_18)
FN:112,(anonymous_19)
FN:119,(anonymous_20)
FN:128,(anonymous_21)
FN:130,(anonymous_22)
FN:146,(anonymous_23)
FN:148,(anonymous_24)
FN:153,(anonymous_25)
FN:155,(anonymous_26)
FN:174,(anonymous_27)
FN:177,(anonymous_28)
FN:180,(anonymous_29)
FN:200,(anonymous_30)
FN:205,(anonymous_31)
FN:222,(anonymous_32)
FN:246,(anonymous_33)
FN:260,(anonymous_34)
FN:271,(anonymous_35)
FN:276,(anonymous_36)
FN:291,(anonymous_37)
FN:301,(anonymous_38)
FNF:39
FNH:15
FNDA:8,formatAvailRange
FNDA:5,isDateInRange
FNDA:7,FetchTab
FNDA:4,(anonymous_3)
FNDA:4,(anonymous_4)
FNDA:7,(anonymous_5)
FNDA:0,(anonymous_6)
FNDA:0,(anonymous_7)
FNDA:0,(anonymous_8)
FNDA:0,(anonymous_9)
FNDA:3,(anonymous_10)
FNDA:3,(anonymous_11)
FNDA:0,(anonymous_12)
FNDA:0,(anonymous_13)
FNDA:0,(anonymous_14)
FNDA:0,(anonymous_15)
FNDA:0,(anonymous_16)
FNDA:0,(anonymous_17)
FNDA:0,(anonymous_18)
FNDA:0,(anonymous_19)
FNDA:9,(anonymous_20)
FNDA:0,(anonymous_21)
FNDA:4,(anonymous_22)
FNDA:0,(anonymous_23)
FNDA:4,(anonymous_24)
FNDA:0,(anonymous_25)
FNDA:4,(anonymous_26)
FNDA:28,(anonymous_27)
FNDA:0,(anonymous_28)
FNDA:0,(anonymous_29)
FNDA:1,(anonymous_30)
FNDA:1,(anonymous_31)
FNDA:0,(anonymous_32)
FNDA:0,(anonymous_33)
FNDA:0,(anonymous_34)
FNDA:0,(anonymous_35)
FNDA:0,(anonymous_36)
FNDA:0,(anonymous_37)
FNDA:0,(anonymous_38)
DA:17,8
DA:18,8
DA:19,8
DA:20,0
DA:21,0
DA:22,0
DA:26,5
DA:27,5
DA:28,5
DA:29,5
DA:30,5
DA:31,5
DA:35,7
DA:36,7
DA:37,7
DA:38,7
DA:39,7
DA:41,7
DA:43,4
DA:46,7
DA:48,7
DA:49,7
DA:50,4
DA:51,0
DA:53,4
DA:54,0
DA:56,4
DA:63,7
DA:66,0
DA:71,7
DA:74,0
DA:80,0
DA:86,7
DA:88,3
DA:92,7
DA:94,7
DA:96,0
DA:100,0
DA:101,0
DA:103,0
DA:104,0
DA:105,0
DA:109,7
DA:110,0
DA:111,0
DA:112,0
DA:115,7
DA:120,9
DA:128,0
DA:131,4
DA:132,4
DA:133,4
DA:134,4
DA:146,0
DA:148,4
DA:153,0
DA:156,4
DA:157,4
DA:175,28
DA:178,0
DA:179,0
DA:180,0
DA:181,0
DA:182,0
DA:200,1
DA:205,1
DA:222,0
DA:246,0
DA:261,0
DA:272,0
DA:273,0
DA:274,0
DA:275,0
DA:276,0
DA:277,0
DA:278,0
DA:279,0
DA:280,0
DA:281,0
DA:292,0
DA:301,0
LF:81
LH:41
BRDA:19,0,0,8
BRDA:19,0,1,0
BRDA:26,1,0,0
BRDA:26,1,1,5
BRDA:29,2,0,0
BRDA:29,2,1,5
BRDA:30,3,0,0
BRDA:30,3,1,5
BRDA:30,4,0,5
BRDA:30,4,1,0
BRDA:49,5,0,3
BRDA:49,5,1,4
BRDA:50,6,0,0
BRDA:50,6,1,4
BRDA:50,7,0,4
BRDA:50,7,1,3
BRDA:53,8,0,0
BRDA:53,8,1,4
BRDA:53,9,0,4
BRDA:53,9,1,2
BRDA:77,10,0,0
BRDA:77,10,1,0
BRDA:77,11,0,0
BRDA:77,11,1,0
BRDA:78,12,0,0
BRDA:78,12,1,0
BRDA:78,13,0,0
BRDA:78,13,1,0
BRDA:81,14,0,7
BRDA:81,14,1,3
BRDA:81,14,2,2
BRDA:92,15,0,7
BRDA:92,15,1,3
BRDA:98,16,0,0
BRDA:98,16,1,0
BRDA:98,17,0,0
BRDA:98,17,1,0
BRDA:99,18,0,0
BRDA:99,18,1,0
BRDA:99,19,0,0
BRDA:99,19,1,0
BRDA:104,20,0,0
BRDA:104,20,1,0
BRDA:104,21,0,0
BRDA:104,21,1,0
BRDA:104,22,0,0
BRDA:104,22,1,0
BRDA:117,23,0,7
BRDA:117,23,1,3
BRDA:124,24,0,7
BRDA:124,24,1,0
BRDA:132,25,0,4
BRDA:132,25,1,0
BRDA:134,26,0,3
BRDA:134,26,1,1
BRDA:137,27,0,7
BRDA:137,27,1,0
BRDA:157,28,0,3
BRDA:157,28,1,1
BRDA:191,29,0,7
BRDA:191,29,1,4
BRDA:209,30,0,7
BRDA:209,30,1,0
BRDA:215,31,0,7
BRDA:215,31,1,2
BRDA:215,31,2,2
BRDA:222,32,0,7
BRDA:222,32,1,3
BRDA:222,32,2,2
BRDA:222,32,3,2
BRDA:225,33,0,0
BRDA:225,33,1,7
BRDA:228,34,0,7
BRDA:228,34,1,0
BRDA:234,35,0,7
BRDA:234,35,1,0
BRDA:237,36,0,0
BRDA:237,36,1,0
BRDA:249,37,0,0
BRDA:249,37,1,7
BRDA:252,38,0,7
BRDA:252,38,1,0
BRDA:267,39,0,0
BRDA:267,39,1,0
BRDA:271,40,0,0
BRDA:271,40,1,0
BRDA:275,41,0,0
BRDA:275,41,1,0
BRDA:288,42,0,0
BRDA:288,42,1,0
BRDA:304,43,0,0
BRDA:304,43,1,0
BRDA:306,44,0,0
BRDA:306,44,1,0
BRF:94
BRH:42
end_of_record
TN:
SF:src/components/GoesData/FrameCard.tsx
FN:13,FrameCardGrid
FN:17,(anonymous_1)
FN:48,(anonymous_2)
FN:64,FrameCardList
FN:68,(anonymous_4)
FN:91,(anonymous_5)
FN:100,FrameCard2
FNF:7
FNH:6
FNDA:6,FrameCardGrid
FNDA:1,(anonymous_1)
FNDA:5,(anonymous_2)
FNDA:2,FrameCardList
FNDA:0,(anonymous_4)
FNDA:2,(anonymous_5)
FNDA:8,FrameCard2
DA:14,6
DA:17,1
DA:49,5
DA:65,2
DA:68,0
DA:92,2
DA:100,3
DA:101,8
DA:102,2
DA:104,6
LF:10
LH:9
BRDA:20,0,0,1
BRDA:20,0,1,5
BRDA:24,1,0,5
BRDA:24,1,1,1
BRDA:46,2,0,6
BRDA:46,2,1,5
BRDA:55,3,0,6
BRDA:55,3,1,1
BRDA:71,4,0,0
BRDA:71,4,1,2
BRDA:75,5,0,2
BRDA:75,5,1,0
BRDA:87,6,0,2
BRDA:87,6,1,2
BRDA:87,6,2,2
BRDA:101,7,0,2
BRDA:101,7,1,6
BRF:17
BRH:15
end_of_record
TN:
SF:src/components/GoesData/FramePreviewModal.tsx
FN:9,FramePreviewModal
FN:31,(anonymous_1)
FN:32,(anonymous_2)
FN:34,(anonymous_3)
FN:38,(anonymous_4)
FN:40,(anonymous_5)
FN:41,(anonymous_6)
FN:52,(anonymous_7)
FN:57,(anonymous_8)
FN:57,(anonymous_9)
FN:61,(anonymous_10)
FN:62,(anonymous_11)
FN:63,(anonymous_12)
FN:70,(anonymous_13)
FN:83,(anonymous_14)
FN:90,(anonymous_15)
FN:100,(anonymous_16)
FN:104,(anonymous_17)
FN:110,(anonymous_18)
FN:117,(anonymous_19)
FN:134,(anonymous_20)
FN:188,(anonymous_21)
FN:194,(anonymous_22)
FN:207,(anonymous_23)
FN:212,(anonymous_24)
FN:220,(anonymous_25)
FN:227,(anonymous_26)
FN:230,(anonymous_27)
FNF:28
FNH:15
FNDA:12,FramePreviewModal
FNDA:9,(anonymous_1)
FNDA:1,(anonymous_2)
FNDA:9,(anonymous_3)
FNDA:9,(anonymous_4)
FNDA:2,(anonymous_5)
FNDA:3,(anonymous_6)
FNDA:2,(anonymous_7)
FNDA:9,(anonymous_8)
FNDA:9,(anonymous_9)
FNDA:0,(anonymous_10)
FNDA:0,(anonymous_11)
FNDA:0,(anonymous_12)
FNDA:2,(anonymous_13)
FNDA:1,(anonymous_14)
FNDA:1,(anonymous_15)
FNDA:1,(anonymous_16)
FNDA:0,(anonymous_17)
FNDA:0,(anonymous_18)
FNDA:0,(anonymous_19)
FNDA:1,(anonymous_20)
FNDA:0,(anonymous_21)
FNDA:0,(anonymous_22)
FNDA:0,(anonymous_23)
FNDA:0,(anonymous_24)
FNDA:0,(anonymous_25)
FNDA:0,(anonymous_26)
FNDA:0,(anonymous_27)
DA:20,12
DA:21,12
DA:22,12
DA:23,12
DA:24,12
DA:25,12
DA:26,12
DA:27,12
DA:28,12
DA:31,12
DA:32,9
DA:33,9
DA:34,9
DA:38,12
DA:39,9
DA:40,2
DA:41,3
DA:42,2
DA:43,2
DA:44,1
DA:45,1
DA:46,1
DA:47,1
DA:48,1
DA:51,2
DA:52,2
DA:55,12
DA:57,9
DA:60,12
DA:62,0
DA:64,0
DA:65,0
DA:66,0
DA:70,12
DA:71,2
DA:72,2
DA:73,2
DA:75,2
DA:76,2
DA:77,2
DA:78,2
DA:79,2
DA:80,2
DA:83,12
DA:84,1
DA:85,1
DA:86,1
DA:87,1
DA:90,12
DA:91,1
DA:92,1
DA:93,1
DA:94,1
DA:95,1
DA:96,1
DA:97,1
DA:100,12
DA:101,1
DA:104,12
DA:105,0
DA:108,12
DA:110,12
DA:111,0
DA:112,0
DA:113,0
DA:114,0
DA:117,12
DA:118,0
DA:119,0
DA:120,0
DA:121,0
DA:122,0
DA:130,12
DA:134,1
DA:188,0
DA:194,0
DA:207,0
DA:212,0
DA:220,0
DA:228,0
DA:230,0
LF:81
LH:60
BRDA:39,0,0,7
BRDA:39,0,1,2
BRDA:39,1,0,9
BRDA:39,1,1,2
BRDA:42,2,0,0
BRDA:42,2,1,2
BRDA:43,3,0,1
BRDA:43,3,1,1
BRDA:43,4,0,2
BRDA:43,4,1,1
BRDA:46,5,0,1
BRDA:46,5,1,0
BRDA:46,6,0,1
BRDA:46,6,1,1
BRDA:73,7,0,0
BRDA:73,7,1,2
BRDA:73,8,0,2
BRDA:73,8,1,2
BRDA:76,9,0,2
BRDA:76,9,1,0
BRDA:77,10,0,2
BRDA:77,10,1,0
BRDA:91,11,0,0
BRDA:91,11,1,1
BRDA:91,12,0,1
BRDA:91,12,1,1
BRDA:112,13,0,0
BRDA:112,13,1,0
BRDA:117,14,0,0
BRDA:117,14,1,12
BRDA:117,15,0,12
BRDA:117,15,1,2
BRDA:118,16,0,0
BRDA:118,16,1,0
BRDA:119,17,0,0
BRDA:119,17,1,0
BRDA:154,18,0,12
BRDA:154,18,1,0
BRDA:163,19,0,12
BRDA:163,19,1,0
BRDA:178,20,0,12
BRDA:178,20,1,2
BRDA:202,21,0,12
BRDA:202,21,1,0
BRDA:202,21,2,0
BRDA:215,22,0,0
BRDA:215,22,1,0
BRDA:218,23,0,0
BRDA:218,23,1,0
BRDA:224,24,0,12
BRDA:224,24,1,0
BRDA:224,24,2,0
BRF:52
BRH:29
end_of_record
TN:
SF:src/components/GoesData/ImageViewer.tsx
FN:12,ImageViewer
FN:19,(anonymous_1)
FN:21,(anonymous_2)
FN:29,(anonymous_3)
FN:37,(anonymous_4)
FN:38,(anonymous_5)
FN:44,(anonymous_6)
FN:47,(anonymous_7)
FN:49,(anonymous_8)
FN:53,(anonymous_9)
FN:63,(anonymous_10)
FN:73,(anonymous_11)
FN:75,(anonymous_12)
FN:100,(anonymous_13)
FN:100,(anonymous_14)
FN:103,(anonymous_15)
FN:103,(anonymous_16)
FNF:17
FNH:9
FNDA:11,ImageViewer
FNDA:11,(anonymous_1)
FNDA:1,(anonymous_2)
FNDA:1,(anonymous_3)
FNDA:9,(anonymous_4)
FNDA:3,(anonymous_5)
FNDA:9,(anonymous_6)
FNDA:0,(anonymous_7)
FNDA:0,(anonymous_8)
FNDA:0,(anonymous_9)
FNDA:0,(anonymous_10)
FNDA:0,(anonymous_11)
FNDA:0,(anonymous_12)
FNDA:1,(anonymous_13)
FNDA:1,(anonymous_14)
FNDA:0,(anonymous_15)
FNDA:0,(anonymous_16)
DA:13,11
DA:14,11
DA:15,11
DA:16,11
DA:17,11
DA:19,11
DA:21,11
DA:22,1
DA:23,1
DA:24,1
DA:25,1
DA:29,11
DA:30,1
DA:31,0
DA:32,0
DA:33,0
DA:37,11
DA:38,9
DA:39,3
DA:40,3
DA:41,3
DA:43,9
DA:44,9
DA:47,11
DA:48,0
DA:49,0
DA:52,11
DA:54,0
DA:55,0
DA:56,0
DA:57,0
DA:62,11
DA:64,0
DA:65,0
DA:73,11
DA:75,11
DA:76,0
DA:77,0
DA:80,11
DA:100,1
DA:103,0
LF:41
LH:27
BRDA:22,0,0,1
BRDA:22,0,1,0
BRDA:30,1,0,0
BRDA:30,1,1,1
BRDA:39,2,0,1
BRDA:39,2,1,2
BRDA:40,3,0,1
BRDA:40,3,1,2
BRDA:41,4,0,1
BRDA:41,4,1,2
BRDA:49,5,0,0
BRDA:49,5,1,0
BRDA:54,6,0,0
BRDA:54,6,1,0
BRDA:64,7,0,0
BRDA:64,7,1,0
BRDA:118,8,0,11
BRDA:118,8,1,0
BRDA:130,9,0,1
BRDA:130,9,1,10
BRDA:130,10,0,0
BRDA:130,10,1,1
BRDA:137,11,0,11
BRDA:137,11,1,11
BRF:24
BRH:14
end_of_record
TN:
SF:src/components/GoesData/LiveTab.tsx
FN:32,LiveTab
FN:42,(anonymous_1)
FN:42,(anonymous_2)
FN:47,(anonymous_3)
FN:47,(anonymous_4)
FN:51,(anonymous_5)
FN:62,(anonymous_6)
FN:63,(anonymous_7)
FN:65,(anonymous_8)
FN:78,(anonymous_9)
FN:80,(anonymous_10)
FN:85,(anonymous_11)
FN:87,(anonymous_12)
FN:92,(anonymous_13)
FN:94,(anonymous_14)
FN:99,(anonymous_15)
FN:101,(anonymous_16)
FN:122,(anonymous_17)
FNF:18
FNH:11
FNDA:17,LiveTab
FNDA:14,(anonymous_1)
FNDA:13,(anonymous_2)
FNDA:14,(anonymous_3)
FNDA:12,(anonymous_4)
FNDA:0,(anonymous_5)
FNDA:14,(anonymous_6)
FNDA:0,(anonymous_7)
FNDA:14,(anonymous_8)
FNDA:0,(anonymous_9)
FNDA:5,(anonymous_10)
FNDA:0,(anonymous_11)
FNDA:3,(anonymous_12)
FNDA:0,(anonymous_13)
FNDA:4,(anonymous_14)
FNDA:0,(anonymous_15)
FNDA:68,(anonymous_16)
FNDA:0,(anonymous_17)
DA:25,2
DA:33,17
DA:34,17
DA:35,17
DA:36,17
DA:37,17
DA:38,17
DA:40,17
DA:42,14
DA:45,17
DA:47,14
DA:51,17
DA:52,0
DA:53,0
DA:54,0
DA:55,0
DA:57,0
DA:58,0
DA:62,17
DA:63,14
DA:64,14
DA:65,14
DA:68,17
DA:72,17
DA:78,0
DA:80,5
DA:85,0
DA:87,3
DA:92,0
DA:94,4
DA:99,0
DA:102,68
DA:122,0
LF:33
LH:22
BRDA:52,0,0,0
BRDA:52,0,1,0
BRDA:53,1,0,0
BRDA:53,1,1,0
BRDA:68,2,0,2
BRDA:68,2,1,15
BRDA:69,3,0,2
BRDA:69,3,1,1
BRDA:109,4,0,0
BRDA:109,4,1,17
BRDA:115,5,0,17
BRDA:115,5,1,2
BRDA:129,6,0,0
BRDA:129,6,1,17
BRDA:129,7,0,0
BRDA:129,7,1,17
BRDA:130,8,0,0
BRDA:130,8,1,17
BRDA:136,9,0,0
BRDA:136,9,1,17
BRDA:137,10,0,14
BRDA:137,10,1,3
BRDA:142,11,0,1
BRDA:142,11,1,2
BRDA:148,12,0,2
BRDA:148,12,1,0
BRDA:159,13,0,17
BRDA:159,13,1,2
BRF:28
BRH:18
end_of_record
TN:
SF:src/components/GoesData/MapTab.tsx
FN:46,MapTab
FN:54,(anonymous_1)
FN:54,(anonymous_2)
FN:59,(anonymous_3)
FN:59,(anonymous_4)
FN:63,(anonymous_5)
FN:72,(anonymous_6)
FN:83,(anonymous_7)
FN:85,(anonymous_8)
FN:90,(anonymous_9)
FN:92,(anonymous_10)
FN:97,(anonymous_11)
FN:99,(anonymous_12)
FN:109,(anonymous_13)
FNF:14
FNH:7
FNDA:2,MapTab
FNDA:2,(anonymous_1)
FNDA:2,(anonymous_2)
FNDA:2,(anonymous_3)
FNDA:2,(anonymous_4)
FNDA:2,(anonymous_5)
FNDA:2,(anonymous_6)
FNDA:0,(anonymous_7)
FNDA:0,(anonymous_8)
FNDA:0,(anonymous_9)
FNDA:0,(anonymous_10)
FNDA:0,(anonymous_11)
FNDA:0,(anonymous_12)
FNDA:0,(anonymous_13)
DA:25,1
DA:47,2
DA:48,2
DA:49,2
DA:50,2
DA:52,2
DA:54,2
DA:57,2
DA:59,2
DA:63,2
DA:64,2
DA:67,2
DA:72,2
DA:73,2
DA:74,2
DA:77,2
DA:83,0
DA:85,0
DA:90,0
DA:92,0
DA:97,0
DA:99,0
DA:109,0
LF:23
LH:16
BRDA:64,0,0,2
BRDA:64,0,1,0
BRDA:67,1,0,0
BRDA:67,1,1,2
BRDA:68,2,0,0
BRDA:68,2,1,0
BRDA:120,3,0,0
BRDA:120,3,1,2
BRDA:137,4,0,2
BRDA:137,4,1,0
BRDA:151,5,0,0
BRDA:151,5,1,2
BRF:12
BRH:5
end_of_record
TN:
SF:src/components/GoesData/PresetsTab.tsx
FN:28,PresetsTab
FN:38,(anonymous_1)
FN:38,(anonymous_2)
FN:43,(anonymous_3)
FN:43,(anonymous_4)
FN:47,(anonymous_5)
FN:47,(anonymous_6)
FN:48,(anonymous_7)
FN:49,(anonymous_8)
FN:53,(anonymous_9)
FN:53,(anonymous_10)
FN:54,(anonymous_11)
FN:55,(anonymous_12)
FN:59,(anonymous_13)
FN:60,(anonymous_14)
FN:61,(anonymous_15)
FN:65,(anonymous_16)
FN:65,(anonymous_17)
FN:66,(anonymous_18)
FN:67,(anonymous_19)
FN:71,(anonymous_20)
FN:71,(anonymous_21)
FN:72,(anonymous_22)
FN:73,(anonymous_23)
FN:77,(anonymous_24)
FN:77,(anonymous_25)
FN:78,(anonymous_26)
FN:79,(anonymous_27)
FN:83,(anonymous_28)
FN:84,(anonymous_29)
FN:85,(anonymous_30)
FN:88,(anonymous_31)
FN:104,(anonymous_32)
FN:110,(anonymous_33)
FN:110,(anonymous_34)
FN:116,(anonymous_35)
FN:117,(anonymous_36)
FN:118,(anonymous_37)
FN:126,(anonymous_38)
FN:134,(anonymous_39)
FN:137,(anonymous_40)
FN:140,(anonymous_41)
FN:153,(anonymous_42)
FN:161,(anonymous_43)
FN:164,(anonymous_44)
FN:167,(anonymous_45)
FN:169,(anonymous_46)
FN:171,(anonymous_47)
FN:175,(anonymous_48)
FN:179,(anonymous_49)
FN:188,(anonymous_50)
FN:202,(anonymous_51)
FN:207,(anonymous_52)
FN:219,PresetForm
FN:230,(anonymous_54)
FN:230,(anonymous_55)
FN:233,(anonymous_56)
FN:233,(anonymous_57)
FN:238,(anonymous_58)
FN:238,(anonymous_59)
FN:245,(anonymous_60)
FN:245,(anonymous_61)
FN:247,(anonymous_62)
FN:252,(anonymous_63)
FN:252,(anonymous_64)
FNF:65
FNH:7
FNDA:7,PresetsTab
FNDA:5,(anonymous_1)
FNDA:5,(anonymous_2)
FNDA:5,(anonymous_3)
FNDA:5,(anonymous_4)
FNDA:0,(anonymous_5)
FNDA:0,(anonymous_6)
FNDA:0,(anonymous_7)
FNDA:0,(anonymous_8)
FNDA:0,(anonymous_9)
FNDA:0,(anonymous_10)
FNDA:0,(anonymous_11)
FNDA:0,(anonymous_12)
FNDA:0,(anonymous_13)
FNDA:0,(anonymous_14)
FNDA:0,(anonymous_15)
FNDA:0,(anonymous_16)
FNDA:0,(anonymous_17)
FNDA:0,(anonymous_18)
FNDA:0,(anonymous_19)
FNDA:0,(anonymous_20)
FNDA:0,(anonymous_21)
FNDA:0,(anonymous_22)
FNDA:0,(anonymous_23)
FNDA:0,(anonymous_24)
FNDA:0,(anonymous_25)
FNDA:0,(anonymous_26)
FNDA:0,(anonymous_27)
FNDA:0,(anonymous_28)
FNDA:0,(anonymous_29)
FNDA:0,(anonymous_30)
FNDA:0,(anonymous_31)
FNDA:0,(anonymous_32)
FNDA:0,(anonymous_33)
FNDA:0,(anonymous_34)
FNDA:0,(anonymous_35)
FNDA:0,(anonymous_36)
FNDA:0,(anonymous_37)
FNDA:2,(anonymous_38)
FNDA:0,(anonymous_39)
FNDA:0,(anonymous_40)
FNDA:0,(anonymous_41)
FNDA:0,(anonymous_42)
FNDA:0,(anonymous_43)
FNDA:0,(anonymous_44)
FNDA:0,(anonymous_45)
FNDA:0,(anonymous_46)
FNDA:0,(anonymous_47)
FNDA:0,(anonymous_48)
FNDA:0,(anonymous_49)
FNDA:1,(anonymous_50)
FNDA:0,(anonymous_51)
FNDA:0,(anonymous_52)
FNDA:0,PresetForm
FNDA:0,(anonymous_54)
FNDA:0,(anonymous_55)
FNDA:0,(anonymous_56)
FNDA:0,(anonymous_57)
FNDA:0,(anonymous_58)
FNDA:0,(anonymous_59)
FNDA:0,(anonymous_60)
FNDA:0,(anonymous_61)
FNDA:0,(anonymous_62)
FNDA:0,(anonymous_63)
FNDA:0,(anonymous_64)
DA:29,7
DA:30,7
DA:31,7
DA:32,7
DA:33,7
DA:34,7
DA:36,7
DA:38,5
DA:41,7
DA:43,5
DA:46,7
DA:47,0
DA:48,0
DA:49,0
DA:52,7
DA:53,0
DA:54,0
DA:55,0
DA:58,7
DA:59,0
DA:60,0
DA:61,0
DA:64,7
DA:65,0
DA:66,0
DA:67,0
DA:70,7
DA:71,0
DA:72,0
DA:73,0
DA:76,7
DA:77,0
DA:78,0
DA:79,0
DA:82,7
DA:83,0
DA:84,0
DA:85,0
DA:88,7
DA:90,7
DA:98,7
DA:104,0
DA:110,0
DA:116,0
DA:117,0
DA:118,0
DA:127,2
DA:134,0
DA:137,0
DA:140,0
DA:153,0
DA:161,0
DA:164,0
DA:167,0
DA:169,0
DA:171,0
DA:175,0
DA:179,0
DA:189,1
DA:202,0
DA:207,0
DA:227,0
DA:230,0
DA:233,0
DA:238,0
DA:245,0
DA:248,0
DA:252,0
LF:68
LH:22
BRDA:36,0,0,7
BRDA:41,1,0,7
BRDA:78,2,0,0
BRDA:78,2,1,0
BRDA:109,3,0,7
BRDA:109,3,1,0
BRDA:113,4,0,7
BRDA:113,4,1,0
BRDA:116,5,0,0
BRDA:116,5,1,0
BRDA:125,6,0,7
BRDA:125,6,1,5
BRDA:131,7,0,2
BRDA:131,7,1,1
BRDA:159,8,0,7
BRDA:159,8,1,0
BRDA:175,9,0,0
BRDA:175,9,1,0
BRDA:175,10,0,0
BRDA:175,10,1,0
BRDA:176,11,0,0
BRDA:176,11,1,0
BRDA:187,12,0,7
BRDA:187,12,1,6
BRDA:193,13,0,1
BRDA:193,13,1,0
BRDA:196,14,0,0
BRDA:196,14,1,1
BRDA:197,15,0,1
BRDA:197,15,1,1
BRDA:203,16,0,1
BRDA:203,16,1,0
BRDA:205,17,0,1
BRDA:205,17,1,0
BRDA:255,18,0,0
BRDA:255,18,1,0
BRDA:256,19,0,0
BRDA:256,19,1,0
BRF:38
BRH:17
end_of_record
TN:
SF:src/components/GoesData/Skeleton.tsx
FN:7,SkeletonItem
FN:31,Skeleton
FN:37,(anonymous_2)
FNF:3
FNH:3
FNDA:55,SkeletonItem
FNDA:53,Skeleton
FNDA:3,(anonymous_2)
DA:8,55
DA:10,49
DA:20,1
DA:25,5
DA:32,53
DA:33,52
DA:35,1
DA:38,3
LF:8
LH:8
BRDA:7,0,0,55
BRDA:7,1,0,55
BRDA:8,2,0,49
BRDA:8,2,1,1
BRDA:8,2,2,5
BRDA:8,2,3,5
BRDA:31,3,0,53
BRDA:31,4,0,53
BRDA:31,5,0,53
BRDA:32,6,0,52
BRDA:32,6,1,1
BRF:11
BRH:11
end_of_record
TN:
SF:src/components/GoesData/TabErrorBoundary.tsx
FN:16,(anonymous_0)
FN:21,(anonymous_1)
FN:25,(anonymous_2)
FN:29,(anonymous_3)
FN:33,(anonymous_4)
FNF:5
FNH:4
FNDA:16,(anonymous_0)
FNDA:3,(anonymous_1)
FNDA:3,(anonymous_2)
FNDA:0,(anonymous_3)
FNDA:22,(anonymous_4)
DA:17,16
DA:18,16
DA:22,6
DA:26,3
DA:29,0
DA:30,0
DA:34,22
DA:35,6
DA:62,16
LF:9
LH:7
BRDA:26,0,0,3
BRDA:26,0,1,1
BRDA:34,1,0,6
BRDA:34,1,1,16
BRDA:41,2,0,6
BRDA:41,2,1,2
BRDA:46,3,0,6
BRDA:46,3,1,6
BRF:8
BRH:8
end_of_record
TN:
SF:src/components/GoesData/TagModal.tsx
FN:9,TagModal
FN:16,(anonymous_1)
FN:17,(anonymous_2)
FN:19,(anonymous_3)
FN:24,(anonymous_4)
FN:24,(anonymous_5)
FN:28,(anonymous_6)
FN:29,(anonymous_7)
FN:34,(anonymous_8)
FN:38,(anonymous_9)
FN:38,(anonymous_10)
FN:39,(anonymous_11)
FN:41,(anonymous_12)
FN:45,(anonymous_13)
FN:48,(anonymous_14)
FN:49,(anonymous_15)
FN:49,(anonymous_16)
FN:55,(anonymous_17)
FN:62,(anonymous_18)
FN:63,(anonymous_19)
FN:76,(anonymous_20)
FN:85,(anonymous_21)
FN:87,(anonymous_22)
FN:89,(anonymous_23)
FNF:24
FNH:8
FNDA:9,TagModal
FNDA:8,(anonymous_1)
FNDA:1,(anonymous_2)
FNDA:8,(anonymous_3)
FNDA:8,(anonymous_4)
FNDA:8,(anonymous_5)
FNDA:0,(anonymous_6)
FNDA:0,(anonymous_7)
FNDA:0,(anonymous_8)
FNDA:0,(anonymous_9)
FNDA:0,(anonymous_10)
FNDA:0,(anonymous_11)
FNDA:0,(anonymous_12)
FNDA:0,(anonymous_13)
FNDA:0,(anonymous_14)
FNDA:0,(anonymous_15)
FNDA:0,(anonymous_16)
FNDA:1,(anonymous_17)
FNDA:0,(anonymous_18)
FNDA:0,(anonymous_19)
FNDA:0,(anonymous_20)
FNDA:0,(anonymous_21)
FNDA:1,(anonymous_22)
FNDA:0,(anonymous_23)
DA:10,9
DA:11,9
DA:12,9
DA:13,9
DA:14,9
DA:16,9
DA:17,8
DA:18,8
DA:19,8
DA:22,9
DA:24,8
DA:27,9
DA:28,0
DA:30,0
DA:31,0
DA:32,0
DA:34,0
DA:37,9
DA:38,0
DA:40,0
DA:41,0
DA:42,0
DA:43,0
DA:45,0
DA:48,9
DA:49,0
DA:52,9
DA:55,1
DA:63,0
DA:76,0
DA:85,0
DA:87,1
DA:89,0
LF:33
LH:17
BRDA:49,0,0,0
BRDA:49,0,1,0
BRDA:65,1,0,0
BRDA:65,1,1,0
BRDA:75,2,0,9
BRDA:75,2,1,0
BRDA:78,3,0,0
BRDA:78,3,1,0
BRDA:89,4,0,9
BRDA:89,4,1,1
BRF:10
BRH:3
end_of_record
TN:
SF:src/components/GoesData/utils.ts
FN:1,formatBytes
FNF:1
FNH:1
FNDA:20,formatBytes
DA:2,20
DA:3,20
DA:4,20
DA:5,20
DA:6,20
LF:5
LH:5
BRDA:2,0,0,0
BRDA:2,0,1,20
BRF:2
BRH:1
end_of_record
TN:
SF:src/components/ImageGallery/ImageGallery.tsx
FN:28,ImageGallery
FN:45,(anonymous_1)
FN:45,(anonymous_2)
FN:45,(anonymous_3)
FN:49,(anonymous_4)
FN:49,(anonymous_5)
FN:49,(anonymous_6)
FN:54,(anonymous_7)
FN:56,(anonymous_8)
FN:57,(anonymous_9)
FN:58,(anonymous_10)
FN:67,(anonymous_11)
FN:72,(anonymous_12)
FN:75,(anonymous_13)
FN:89,(anonymous_14)
FN:90,(anonymous_15)
FN:93,(anonymous_16)
FN:94,(anonymous_17)
FN:101,(anonymous_18)
FN:127,(anonymous_19)
FN:130,(anonymous_20)
FN:149,(anonymous_21)
FN:153,(anonymous_22)
FN:162,(anonymous_23)
FN:166,(anonymous_24)
FN:176,(anonymous_25)
FN:186,(anonymous_26)
FN:193,(anonymous_27)
FN:230,(anonymous_28)
FN:251,(anonymous_29)
FN:257,(anonymous_30)
FN:287,Stat
FNF:32
FNH:28
FNDA:26,ImageGallery
FNDA:16,(anonymous_1)
FNDA:30,(anonymous_2)
FNDA:15,(anonymous_3)
FNDA:16,(anonymous_4)
FNDA:30,(anonymous_5)
FNDA:15,(anonymous_6)
FNDA:18,(anonymous_7)
FNDA:2,(anonymous_8)
FNDA:0,(anonymous_9)
FNDA:16,(anonymous_10)
FNDA:4,(anonymous_11)
FNDA:24,(anonymous_12)
FNDA:1,(anonymous_13)
FNDA:5,(anonymous_14)
FNDA:5,(anonymous_15)
FNDA:1,(anonymous_16)
FNDA:1,(anonymous_17)
FNDA:8,(anonymous_18)
FNDA:72,(anonymous_19)
FNDA:1,(anonymous_20)
FNDA:1,(anonymous_21)
FNDA:48,(anonymous_22)
FNDA:0,(anonymous_23)
FNDA:48,(anonymous_24)
FNDA:47,(anonymous_25)
FNDA:6,(anonymous_26)
FNDA:0,(anonymous_27)
FNDA:0,(anonymous_28)
FNDA:1,(anonymous_29)
FNDA:1,(anonymous_30)
FNDA:30,Stat
DA:29,26
DA:30,26
DA:31,26
DA:32,26
DA:33,26
DA:36,26
DA:37,26
DA:38,26
DA:39,26
DA:41,26
DA:44,26
DA:45,30
DA:48,26
DA:49,30
DA:54,26
DA:55,18
DA:56,18
DA:57,18
DA:58,18
DA:59,16
DA:60,16
DA:61,16
DA:62,16
DA:64,18
DA:67,26
DA:68,4
DA:69,4
DA:72,26
DA:73,24
DA:74,5
DA:75,5
DA:76,1
DA:77,0
DA:78,0
DA:81,0
DA:82,0
DA:83,0
DA:84,0
DA:85,0
DA:88,5
DA:89,5
DA:90,5
DA:93,26
DA:94,1
DA:95,0
DA:98,26
DA:99,1
DA:102,8
DA:108,25
DA:109,1
DA:117,24
DA:128,72
DA:130,1
DA:149,1
DA:154,48
DA:162,0
DA:167,48
DA:177,47
DA:186,6
DA:194,0
DA:195,0
DA:196,0
DA:197,0
DA:231,0
DA:232,0
DA:233,0
DA:251,1
DA:257,1
DA:288,30
LF:69
LH:53
BRDA:29,0,0,26
BRDA:56,1,0,1
BRDA:56,1,1,17
BRDA:57,2,0,0
BRDA:57,2,1,18
BRDA:59,3,0,16
BRDA:59,3,1,0
BRDA:60,4,0,16
BRDA:60,4,1,0
BRDA:62,5,0,1
BRDA:62,5,1,15
BRDA:73,6,0,19
BRDA:73,6,1,5
BRDA:76,7,0,1
BRDA:76,7,1,0
BRDA:77,8,0,0
BRDA:77,8,1,0
BRDA:77,9,0,0
BRDA:77,9,1,0
BRDA:81,10,0,0
BRDA:81,10,1,0
BRDA:84,11,0,0
BRDA:84,11,1,0
BRDA:84,12,0,0
BRDA:84,12,1,0
BRDA:84,13,0,0
BRDA:84,13,1,0
BRDA:85,14,0,0
BRDA:85,14,1,0
BRDA:94,15,0,1
BRDA:94,15,1,0
BRDA:94,16,0,0
BRDA:94,16,1,1
BRDA:98,17,0,1
BRDA:98,17,1,25
BRDA:108,18,0,1
BRDA:108,18,1,24
BRDA:132,19,0,24
BRDA:132,19,1,48
BRDA:137,20,0,72
BRDA:137,20,1,24
BRDA:137,21,0,1
BRDA:137,21,1,23
BRDA:140,22,0,24
BRDA:140,22,1,0
BRDA:140,22,2,24
BRDA:145,23,0,24
BRDA:145,23,1,24
BRDA:158,24,0,24
BRDA:158,24,1,24
BRDA:180,25,0,0
BRDA:180,25,1,47
BRDA:180,26,0,47
BRDA:180,26,1,2
BRDA:186,27,0,1
BRDA:186,27,1,5
BRDA:186,28,0,6
BRDA:186,28,1,1
BRDA:197,29,0,0
BRDA:197,29,1,0
BRDA:205,30,0,47
BRDA:205,30,1,2
BRDA:205,30,2,0
BRDA:213,31,0,47
BRDA:213,31,1,47
BRDA:219,32,0,47
BRDA:219,32,1,47
BRDA:228,33,0,47
BRDA:228,33,1,45
BRDA:232,34,0,0
BRDA:232,34,1,0
BRDA:246,35,0,26
BRDA:246,35,1,5
BRDA:251,36,0,1
BRDA:251,36,1,0
BRDA:273,37,0,5
BRDA:273,37,1,0
BRDA:274,38,0,5
BRDA:274,38,1,0
BRDA:276,39,0,5
BRDA:276,39,1,0
BRF:81
BRH:50
end_of_record
TN:
SF:src/components/Jobs/JobList.tsx
FN:28,JobList
FN:33,(anonymous_1)
FN:40,(anonymous_2)
FN:53,(anonymous_3)
FN:61,(anonymous_4)
FN:95,(anonymous_5)
FN:103,(anonymous_6)
FN:113,(anonymous_7)
FNF:8
FNH:3
FNDA:6,JobList
FNDA:6,(anonymous_1)
FNDA:0,(anonymous_2)
FNDA:2,(anonymous_3)
FNDA:0,(anonymous_4)
FNDA:0,(anonymous_5)
FNDA:0,(anonymous_6)
FNDA:0,(anonymous_7)
DA:14,2
DA:29,6
DA:30,6
DA:32,6
DA:33,6
DA:37,6
DA:38,0
DA:41,0
DA:47,6
DA:48,5
DA:51,1
DA:54,2
DA:55,2
DA:56,2
DA:61,0
DA:95,0
DA:104,0
DA:105,0
DA:114,0
DA:115,0
DA:116,0
LF:21
LH:12
BRDA:29,0,0,6
BRDA:33,1,0,5
BRDA:33,1,1,1
BRDA:37,2,0,0
BRDA:37,2,1,6
BRDA:47,3,0,5
BRDA:47,3,1,1
BRDA:54,4,0,2
BRDA:54,4,1,0
BRDA:65,5,0,1
BRDA:65,5,1,1
BRDA:76,6,0,2
BRDA:76,6,1,0
BRDA:79,7,0,2
BRDA:79,7,1,1
BRDA:91,8,0,2
BRDA:91,8,1,1
BRDA:91,8,2,1
BRDA:115,9,0,0
BRDA:115,9,1,0
BRF:20
BRH:15
end_of_record
TN:
SF:src/components/Jobs/JobMonitor.tsx
FN:29,statusBadgeClass
FN:33,progressBarColor
FN:44,timelineDotColor
FN:49,isTerminalStatus
FN:53,computeDuration
FN:73,buildTimelineSteps
FN:89,formatDuration
FN:100,fmtTime
FN:121,JobHeader
FN:162,JobActions
FN:202,timelineConnectorClass
FN:207,logFilterButtonClass
FN:213,formatParamValue
FN:220,LogConsole
FN:242,(anonymous_14)
FN:245,(anonymous_15)
FN:253,(anonymous_16)
FN:253,(anonymous_17)
FN:269,(anonymous_18)
FN:284,useClipboard
FN:286,(anonymous_20)
FN:289,(anonymous_21)
FN:294,useDurationTicker
FN:295,(anonymous_23)
FN:296,(anonymous_24)
FN:298,(anonymous_25)
FN:299,(anonymous_26)
FN:305,useJobLogs
FN:311,(anonymous_28)
FN:314,(anonymous_29)
FN:315,(anonymous_30)
FN:319,(anonymous_31)
FN:321,(anonymous_32)
FN:332,JobMonitor
FN:346,(anonymous_34)
FN:347,(anonymous_35)
FN:350,(anonymous_36)
FN:351,(anonymous_37)
FN:354,(anonymous_38)
FN:358,(anonymous_39)
FN:363,(anonymous_40)
FN:418,(anonymous_41)
FN:433,(anonymous_42)
FNF:43
FNH:27
FNDA:19,statusBadgeClass
FNDA:19,progressBarColor
FNDA:57,timelineDotColor
FNDA:19,isTerminalStatus
FNDA:19,computeDuration
FNDA:19,buildTimelineSteps
FNDA:18,formatDuration
FNDA:35,fmtTime
FNDA:19,JobHeader
FNDA:19,JobActions
FNDA:38,timelineConnectorClass
FNDA:95,logFilterButtonClass
FNDA:30,formatParamValue
FNDA:19,LogConsole
FNDA:95,(anonymous_14)
FNDA:0,(anonymous_15)
FNDA:0,(anonymous_16)
FNDA:0,(anonymous_17)
FNDA:0,(anonymous_18)
FNDA:19,useClipboard
FNDA:0,(anonymous_20)
FNDA:0,(anonymous_21)
FNDA:19,useDurationTicker
FNDA:19,(anonymous_23)
FNDA:19,(anonymous_24)
FNDA:0,(anonymous_25)
FNDA:11,(anonymous_26)
FNDA:19,useJobLogs
FNDA:19,(anonymous_28)
FNDA:0,(anonymous_29)
FNDA:0,(anonymous_30)
FNDA:0,(anonymous_31)
FNDA:19,(anonymous_32)
FNDA:19,JobMonitor
FNDA:0,(anonymous_34)
FNDA:0,(anonymous_35)
FNDA:0,(anonymous_36)
FNDA:0,(anonymous_37)
FNDA:0,(anonymous_38)
FNDA:0,(anonymous_39)
FNDA:30,(anonymous_40)
FNDA:30,(anonymous_41)
FNDA:57,(anonymous_42)
DA:21,2
DA:30,19
DA:34,19
DA:35,16
DA:36,15
DA:39,2
DA:45,57
DA:46,36
DA:50,19
DA:58,19
DA:59,19
DA:60,8
DA:64,11
DA:67,2
DA:77,19
DA:78,19
DA:79,19
DA:82,19
DA:90,18
DA:91,18
DA:92,18
DA:93,18
DA:94,18
DA:95,18
DA:96,11
DA:97,11
DA:101,35
DA:102,35
DA:105,2
DA:136,19
DA:173,19
DA:174,19
DA:203,38
DA:204,21
DA:208,95
DA:209,95
DA:210,76
DA:214,30
DA:215,30
DA:216,0
DA:217,0
DA:235,19
DA:243,95
DA:245,0
DA:253,0
DA:270,0
DA:285,19
DA:286,19
DA:287,0
DA:288,0
DA:289,0
DA:291,19
DA:295,19
DA:296,19
DA:297,19
DA:298,11
DA:299,11
DA:302,19
DA:306,19
DA:307,19
DA:308,19
DA:309,19
DA:311,19
DA:312,19
DA:314,0
DA:318,19
DA:319,19
DA:321,19
DA:322,19
DA:323,19
DA:327,19
DA:330,2
DA:333,19
DA:334,19
DA:336,19
DA:337,19
DA:338,19
DA:340,19
DA:341,19
DA:342,19
DA:343,19
DA:346,19
DA:347,0
DA:350,19
DA:351,0
DA:354,19
DA:355,0
DA:356,0
DA:358,0
DA:362,19
DA:363,30
DA:366,19
DA:367,19
DA:368,19
DA:370,19
DA:419,30
DA:434,57
LF:97
LH:83
BRDA:30,0,0,19
BRDA:30,0,1,1
BRDA:34,1,0,3
BRDA:34,1,1,16
BRDA:35,2,0,1
BRDA:35,2,1,15
BRDA:45,3,0,21
BRDA:45,3,1,36
BRDA:46,4,0,36
BRDA:46,4,1,32
BRDA:50,5,0,19
BRDA:50,5,1,16
BRDA:50,5,2,15
BRDA:50,5,3,12
BRDA:58,6,0,0
BRDA:58,6,1,19
BRDA:59,7,0,8
BRDA:59,7,1,11
BRDA:60,8,0,7
BRDA:60,8,1,1
BRDA:61,9,0,7
BRDA:61,9,1,2
BRDA:64,10,0,11
BRDA:64,10,1,7
BRDA:77,11,0,0
BRDA:77,11,1,19
BRDA:79,12,0,5
BRDA:79,12,1,14
BRDA:80,13,0,5
BRDA:80,13,1,0
BRDA:81,14,0,14
BRDA:81,14,1,12
BRDA:84,15,0,19
BRDA:84,15,1,10
BRDA:90,16,0,0
BRDA:90,16,1,18
BRDA:92,17,0,0
BRDA:92,17,1,18
BRDA:95,18,0,7
BRDA:95,18,1,11
BRDA:141,19,0,0
BRDA:141,19,1,19
BRDA:145,20,0,19
BRDA:145,20,1,10
BRDA:154,21,0,19
BRDA:154,21,1,18
BRDA:173,22,0,19
BRDA:173,22,1,9
BRDA:176,23,0,19
BRDA:176,23,1,11
BRDA:184,24,0,19
BRDA:184,24,1,3
BRDA:203,25,0,17
BRDA:203,25,1,21
BRDA:208,26,0,95
BRDA:208,26,1,19
BRDA:208,26,2,76
BRDA:209,27,0,19
BRDA:209,27,1,76
BRDA:214,28,0,0
BRDA:214,28,1,30
BRDA:214,29,0,30
BRDA:214,29,1,30
BRDA:215,30,0,30
BRDA:215,30,1,0
BRDA:216,31,0,0
BRDA:216,31,1,0
BRDA:216,32,0,0
BRDA:216,32,1,0
BRDA:245,33,0,0
BRDA:245,33,1,0
BRDA:254,34,0,19
BRDA:254,34,1,0
BRDA:255,35,0,19
BRDA:255,35,1,0
BRDA:266,36,0,19
BRDA:266,36,1,0
BRDA:270,37,0,0
BRDA:270,37,1,0
BRDA:297,38,0,11
BRDA:297,38,1,8
BRDA:297,39,0,19
BRDA:297,39,1,9
BRDA:319,40,0,0
BRDA:319,40,1,19
BRDA:322,41,0,19
BRDA:322,41,1,0
BRDA:322,42,0,19
BRDA:322,42,1,19
BRDA:336,43,0,19
BRDA:336,43,1,19
BRDA:336,43,2,0
BRDA:337,44,0,19
BRDA:337,44,1,19
BRDA:337,44,2,4
BRDA:338,45,0,19
BRDA:338,45,1,19
BRDA:338,45,2,0
BRDA:355,46,0,0
BRDA:355,46,1,0
BRDA:362,47,0,19
BRDA:362,47,1,0
BRDA:367,48,0,19
BRDA:367,48,1,16
BRDA:368,49,0,19
BRDA:368,49,1,3
BRDA:414,50,0,19
BRDA:414,50,1,10
BRDA:429,51,0,19
BRDA:429,51,1,19
BRDA:438,52,0,57
BRDA:438,52,1,35
BRDA:442,53,0,57
BRDA:442,53,1,38
BRDA:462,54,0,19
BRDA:462,54,1,3
BRDA:472,55,0,19
BRDA:472,55,1,4
BRDA:474,56,0,4
BRDA:474,56,1,4
BRF:120
BRH:94
end_of_record
TN:
SF:src/components/Processing/ProcessingForm.tsx
FN:17,initFromParams
FN:23,ProcessingForm
FN:29,(anonymous_2)
FN:30,(anonymous_3)
FN:31,(anonymous_4)
FN:32,(anonymous_5)
FN:35,(anonymous_6)
FN:43,(anonymous_7)
FN:56,(anonymous_8)
FN:64,(anonymous_9)
FN:67,(anonymous_10)
FN:87,(anonymous_11)
FN:90,(anonymous_12)
FN:96,(anonymous_13)
FN:109,(anonymous_14)
FN:113,(anonymous_15)
FN:129,(anonymous_16)
FN:133,(anonymous_17)
FN:148,(anonymous_18)
FN:156,(anonymous_19)
FN:175,(anonymous_20)
FN:188,(anonymous_21)
FN:200,(anonymous_22)
FN:213,(anonymous_23)
FN:266,(anonymous_24)
FN:273,(anonymous_25)
FN:284,Section
FNF:27
FNH:11
FNDA:30,initFromParams
FNDA:8,ProcessingForm
FNDA:6,(anonymous_2)
FNDA:6,(anonymous_3)
FNDA:6,(anonymous_4)
FNDA:6,(anonymous_5)
FNDA:6,(anonymous_6)
FNDA:0,(anonymous_7)
FNDA:0,(anonymous_8)
FNDA:24,(anonymous_9)
FNDA:2,(anonymous_10)
FNDA:0,(anonymous_11)
FNDA:24,(anonymous_12)
FNDA:0,(anonymous_13)
FNDA:0,(anonymous_14)
FNDA:0,(anonymous_15)
FNDA:0,(anonymous_16)
FNDA:0,(anonymous_17)
FNDA:0,(anonymous_18)
FNDA:0,(anonymous_19)
FNDA:0,(anonymous_20)
FNDA:0,(anonymous_21)
FNDA:0,(anonymous_22)
FNDA:0,(anonymous_23)
FNDA:0,(anonymous_24)
FNDA:0,(anonymous_25)
FNDA:24,Section
DA:11,1
DA:12,1
DA:13,1
DA:14,1
DA:15,1
DA:18,30
DA:19,0
DA:20,0
DA:24,8
DA:25,8
DA:26,8
DA:29,8
DA:30,8
DA:31,8
DA:32,8
DA:35,8
DA:37,8
DA:43,8
DA:44,0
DA:56,0
DA:60,8
DA:65,24
DA:67,2
DA:87,0
DA:91,24
DA:96,0
DA:109,0
DA:113,0
DA:129,0
DA:133,0
DA:148,0
DA:156,0
DA:175,0
DA:188,0
DA:200,0
DA:213,0
DA:266,0
DA:273,0
DA:297,24
LF:39
LH:21
BRDA:17,0,0,30
BRDA:18,1,0,30
BRDA:18,1,1,0
BRDA:18,2,0,30
BRDA:18,2,1,0
BRDA:20,3,0,0
BRDA:20,3,1,0
BRDA:49,4,0,0
BRDA:49,4,1,0
BRDA:50,5,0,0
BRDA:50,5,1,0
BRDA:51,6,0,0
BRDA:51,6,1,0
BRDA:52,7,0,0
BRDA:52,7,1,0
BRDA:69,8,0,8
BRDA:69,8,1,16
BRDA:80,9,0,8
BRDA:80,9,1,6
BRDA:164,10,0,8
BRDA:164,10,1,1
BRDA:225,11,0,8
BRDA:225,11,1,1
BRDA:232,12,0,1
BRDA:232,12,1,0
BRDA:237,13,0,1
BRDA:237,13,1,0
BRDA:244,14,0,1
BRDA:244,14,1,0
BRDA:253,15,0,1
BRDA:253,15,1,1
BRDA:257,16,0,0
BRDA:257,16,1,1
BRDA:307,17,0,6
BRDA:307,17,1,18
BRDA:312,18,0,6
BRDA:312,18,1,18
BRDA:317,19,0,24
BRDA:317,19,1,6
BRF:39
BRH:23
end_of_record
TN:
SF:src/components/System/DonutChart.tsx
FN:7,DonutChart
FNF:1
FNH:1
FNDA:26,DonutChart
DA:8,26
DA:9,26
DA:10,26
DA:12,26
LF:4
LH:4
BRDA:7,0,0,26
BRDA:30,1,0,0
BRDA:30,1,1,26
BRF:3
BRH:2
end_of_record
TN:
SF:src/components/System/SystemMonitor.tsx
FN:5,SystemMonitor
FN:31,(anonymous_1)
FNF:2
FNH:2
FNDA:7,SystemMonitor
FNDA:21,(anonymous_1)
DA:6,7
DA:8,7
DA:29,7
DA:32,21
LF:4
LH:4
BRDA:11,0,0,7
BRDA:11,0,1,6
BRDA:17,1,0,7
BRDA:17,1,1,6
BRDA:23,2,0,7
BRDA:23,2,1,6
BRF:6
BRH:6
end_of_record
TN:
SF:src/components/Upload/UploadZone.tsx
FN:6,UploadZone
FN:15,(anonymous_1)
FN:16,(anonymous_2)
FN:16,(anonymous_3)
FN:21,(anonymous_4)
FN:22,(anonymous_5)
FN:30,(anonymous_6)
FN:36,(anonymous_7)
FN:57,(anonymous_8)
FN:64,(anonymous_9)
FN:68,(anonymous_10)
FN:72,(anonymous_11)
FN:73,(anonymous_12)
FN:78,(anonymous_13)
FN:83,(anonymous_14)
FN:101,(anonymous_15)
FNF:16
FNH:1
FNDA:1,UploadZone
FNDA:0,(anonymous_1)
FNDA:0,(anonymous_2)
FNDA:0,(anonymous_3)
FNDA:0,(anonymous_4)
FNDA:0,(anonymous_5)
FNDA:0,(anonymous_6)
FNDA:0,(anonymous_7)
FNDA:0,(anonymous_8)
FNDA:0,(anonymous_9)
FNDA:0,(anonymous_10)
FNDA:0,(anonymous_11)
FNDA:0,(anonymous_12)
FNDA:0,(anonymous_13)
FNDA:0,(anonymous_14)
FNDA:0,(anonymous_15)
DA:7,1
DA:8,1
DA:11,1
DA:12,1
DA:14,1
DA:16,0
DA:20,1
DA:22,0
DA:23,0
DA:26,0
DA:27,0
DA:28,0
DA:29,0
DA:30,0
DA:31,0
DA:32,0
DA:33,0
DA:34,0
DA:37,0
DA:38,0
DA:41,0
DA:42,0
DA:44,0
DA:45,0
DA:52,1
DA:58,0
DA:59,0
DA:60,0
DA:61,0
DA:62,0
DA:63,0
DA:64,0
DA:65,0
DA:69,0
DA:70,0
DA:72,0
DA:74,0
DA:75,0
DA:76,0
DA:79,0
DA:80,0
DA:81,0
DA:82,0
DA:83,0
DA:84,0
DA:102,0
LF:46
LH:7
BRDA:16,0,0,0
BRDA:16,0,1,0
BRDA:37,1,0,0
BRDA:37,1,1,0
BRDA:58,2,0,0
BRDA:58,2,1,0
BRDA:58,3,0,0
BRDA:58,3,1,0
BRDA:64,4,0,0
BRDA:64,4,1,0
BRDA:83,5,0,0
BRDA:83,5,1,0
BRDA:87,6,0,0
BRDA:87,6,1,1
BRDA:99,7,0,1
BRDA:99,7,1,0
BRDA:103,8,0,0
BRDA:103,8,1,0
BRDA:104,9,0,0
BRDA:104,9,1,0
BRDA:105,10,0,0
BRDA:105,10,1,0
BRDA:105,10,2,0
BRF:23
BRH:2
end_of_record
TN:
SF:src/components/VideoPlayer/VideoPlayer.tsx
FN:8,VideoPlayer
FN:28,(anonymous_1)
FNF:2
FNH:2
FNDA:4,VideoPlayer
FNDA:1,(anonymous_1)
DA:9,4
DA:11,4
DA:12,1
DA:21,3
DA:28,1
LF:5
LH:5
BRDA:11,0,0,1
BRDA:11,0,1,3
BRF:2
BRH:2
end_of_record
TN:
SF:src/constants/bands.ts
FN:28,getBandLabel
FNF:1
FNH:0
FNDA:0,getBandLabel
DA:9,1
DA:29,0
DA:30,0
DA:31,0
LF:4
LH:1
BRDA:30,0,0,0
BRDA:30,0,1,0
BRF:2
BRH:0
end_of_record
TN:
SF:src/hooks/useApi.ts
FN:5,useImages
FN:8,(anonymous_1)
FN:8,(anonymous_2)
FN:14,useUploadImage
FN:17,(anonymous_4)
FN:21,(anonymous_5)
FN:25,useDeleteImage
FN:28,(anonymous_7)
FN:29,(anonymous_8)
FN:34,useJobs
FN:37,(anonymous_10)
FN:37,(anonymous_11)
FN:44,useJob
FN:47,(anonymous_13)
FN:47,(anonymous_14)
FN:53,useCreateJob
FN:56,(anonymous_16)
FN:57,(anonymous_17)
FN:61,useDeleteJob
FN:64,(anonymous_19)
FN:65,(anonymous_20)
FN:70,useSystemStatus
FN:73,(anonymous_22)
FN:73,(anonymous_23)
FN:79,useSettings
FN:82,(anonymous_25)
FN:82,(anonymous_26)
FN:88,useUpdateSettings
FN:91,(anonymous_28)
FN:92,(anonymous_29)
FN:97,usePresets
FN:100,(anonymous_31)
FN:100,(anonymous_32)
FN:106,useCreatePreset
FN:109,(anonymous_34)
FN:111,(anonymous_35)
FN:115,useDeletePreset
FN:118,(anonymous_37)
FN:119,(anonymous_38)
FN:123,useRenamePreset
FN:126,(anonymous_40)
FN:128,(anonymous_41)
FN:133,useStats
FN:136,(anonymous_43)
FN:136,(anonymous_44)
FN:142,useHealthDetailed
FN:145,(anonymous_46)
FN:145,(anonymous_47)
FNF:48
FNH:10
FNDA:0,useImages
FNDA:0,(anonymous_1)
FNDA:0,(anonymous_2)
FNDA:0,useUploadImage
FNDA:0,(anonymous_4)
FNDA:0,(anonymous_5)
FNDA:0,useDeleteImage
FNDA:0,(anonymous_7)
FNDA:0,(anonymous_8)
FNDA:30,useJobs
FNDA:23,(anonymous_10)
FNDA:5,(anonymous_11)
FNDA:0,useJob
FNDA:0,(anonymous_13)
FNDA:0,(anonymous_14)
FNDA:0,useCreateJob
FNDA:0,(anonymous_16)
FNDA:0,(anonymous_17)
FNDA:0,useDeleteJob
FNDA:0,(anonymous_19)
FNDA:0,(anonymous_20)
FNDA:6,useSystemStatus
FNDA:3,(anonymous_22)
FNDA:3,(anonymous_23)
FNDA:13,useSettings
FNDA:9,(anonymous_25)
FNDA:7,(anonymous_26)
FNDA:3,useUpdateSettings
FNDA:0,(anonymous_28)
FNDA:0,(anonymous_29)
FNDA:0,usePresets
FNDA:0,(anonymous_31)
FNDA:0,(anonymous_32)
FNDA:0,useCreatePreset
FNDA:0,(anonymous_34)
FNDA:0,(anonymous_35)
FNDA:0,useDeletePreset
FNDA:0,(anonymous_37)
FNDA:0,(anonymous_38)
FNDA:0,useRenamePreset
FNDA:0,(anonymous_40)
FNDA:0,(anonymous_41)
FNDA:0,useStats
FNDA:0,(anonymous_43)
FNDA:0,(anonymous_44)
FNDA:0,useHealthDetailed
FNDA:0,(anonymous_46)
FNDA:0,(anonymous_47)
DA:6,0
DA:8,0
DA:15,0
DA:16,0
DA:18,0
DA:21,0
DA:26,0
DA:27,0
DA:28,0
DA:29,0
DA:35,30
DA:37,23
DA:45,0
DA:47,0
DA:54,0
DA:55,0
DA:56,0
DA:57,0
DA:62,0
DA:63,0
DA:64,0
DA:65,0
DA:71,6
DA:73,3
DA:80,13
DA:82,9
DA:89,3
DA:90,3
DA:91,0
DA:92,0
DA:98,0
DA:100,0
DA:107,0
DA:108,0
DA:110,0
DA:111,0
DA:116,0
DA:117,0
DA:118,0
DA:119,0
DA:124,0
DA:125,0
DA:127,0
DA:128,0
DA:134,0
DA:136,0
DA:143,0
DA:145,0
LF:48
LH:8
BRDA:8,0,0,0
BRDA:8,0,1,0
BRDA:37,1,0,5
BRDA:37,1,1,5
BRF:4
BRH:2
end_of_record
TN:
SF:src/hooks/useDebounce.ts
FN:8,useDebounce
FN:11,(anonymous_1)
FN:12,(anonymous_2)
FN:16,(anonymous_3)
FNF:4
FNH:3
FNDA:30,useDebounce
FNDA:20,(anonymous_1)
FNDA:0,(anonymous_2)
FNDA:20,(anonymous_3)
DA:9,30
DA:11,30
DA:12,20
DA:13,0
DA:16,20
DA:17,20
DA:21,30
LF:7
LH:6
BRDA:8,0,0,30
BRF:1
BRH:1
end_of_record
TN:
SF:src/hooks/useFocusTrap.ts
FN:7,useFocusTrap
FN:10,(anonymous_1)
FN:21,(anonymous_2)
FN:24,(anonymous_3)
FN:43,(anonymous_4)
FNF:5
FNH:4
FNDA:4,useFocusTrap
FNDA:4,(anonymous_1)
FNDA:4,(anonymous_2)
FNDA:0,(anonymous_3)
FNDA:4,(anonymous_4)
DA:8,4
DA:10,4
DA:11,4
DA:12,4
DA:14,4
DA:17,4
DA:20,4
DA:21,4
DA:24,4
DA:25,0
DA:26,0
DA:27,0
DA:29,0
DA:30,0
DA:31,0
DA:32,0
DA:33,0
DA:34,0
DA:35,0
DA:36,0
DA:37,0
DA:42,4
DA:43,4
DA:44,4
DA:45,4
DA:49,4
LF:26
LH:14
BRDA:12,0,0,0
BRDA:12,0,1,4
BRDA:20,1,0,4
BRDA:20,1,1,0
BRDA:25,2,0,0
BRDA:25,2,1,0
BRDA:29,3,0,0
BRDA:29,3,1,0
BRDA:29,4,0,0
BRDA:29,4,1,0
BRDA:32,5,0,0
BRDA:32,5,1,0
BRDA:32,6,0,0
BRDA:32,6,1,0
BRDA:35,7,0,0
BRDA:35,7,1,0
BRDA:35,8,0,0
BRDA:35,8,1,0
BRF:18
BRH:2
end_of_record
TN:
SF:src/hooks/useHotkeys.ts
FN:10,useHotkeys
FN:14,(anonymous_1)
FN:15,(anonymous_2)
FN:42,(anonymous_3)
FN:45,(anonymous_4)
FN:52,(anonymous_5)
FNF:6
FNH:4
FNDA:43,useHotkeys
FNDA:33,(anonymous_1)
FNDA:1,(anonymous_2)
FNDA:0,(anonymous_3)
FNDA:0,(anonymous_4)
FNDA:33,(anonymous_5)
DA:11,43
DA:12,43
DA:14,43
DA:15,33
DA:16,1
DA:17,1
DA:18,1
DA:20,1
DA:23,1
DA:24,0
DA:25,0
DA:26,0
DA:27,0
DA:28,0
DA:29,0
DA:30,0
DA:35,1
DA:36,1
DA:37,1
DA:38,1
DA:42,0
DA:43,0
DA:44,0
DA:45,0
DA:46,0
DA:51,33
DA:52,33
DA:53,33
DA:54,33
LF:29
LH:17
BRDA:17,0,0,0
BRDA:17,0,1,1
BRDA:18,1,0,0
BRDA:18,1,1,1
BRDA:18,2,0,1
BRDA:18,2,1,1
BRDA:18,2,2,1
BRDA:23,3,0,0
BRDA:23,3,1,1
BRDA:26,4,0,0
BRDA:26,4,1,0
BRDA:27,5,0,0
BRDA:27,5,1,0
BRDA:35,6,0,1
BRDA:35,6,1,0
BRDA:43,7,0,0
BRDA:43,7,1,0
BRDA:54,8,0,0
BRDA:54,8,1,33
BRF:19
BRH:8
end_of_record
TN:
SF:src/hooks/useJobToasts.ts
FN:14,useJobToasts
FN:19,(anonymous_1)
FNF:2
FNH:2
FNDA:30,useJobToasts
FNDA:23,(anonymous_1)
DA:15,30
DA:16,30
DA:17,30
DA:19,30
DA:20,23
DA:21,0
DA:22,0
DA:24,0
DA:25,0
DA:26,0
DA:27,0
DA:28,0
DA:29,0
DA:30,0
DA:31,0
DA:37,0
DA:38,0
DA:39,0
DA:41,0
DA:42,0
LF:20
LH:5
BRDA:20,0,0,23
BRDA:20,0,1,0
BRDA:24,1,0,0
BRDA:24,1,1,0
BRDA:27,2,0,0
BRDA:27,2,1,0
BRDA:27,3,0,0
BRDA:27,3,1,0
BRDA:28,4,0,0
BRDA:28,4,1,0
BRDA:30,5,0,0
BRDA:30,5,1,0
BRF:12
BRH:1
end_of_record
TN:
SF:src/hooks/usePageTitle.ts
FN:3,usePageTitle
FN:4,(anonymous_1)
FN:7,(anonymous_2)
FNF:3
FNH:3
FNDA:29,usePageTitle
FNDA:22,(anonymous_1)
FNDA:22,(anonymous_2)
DA:4,29
DA:5,22
DA:6,22
DA:7,22
DA:8,22
LF:5
LH:5
BRF:0
BRH:0
end_of_record
TN:
SF:src/hooks/useWebSocket.ts
FN:20,useWebSocket
FN:30,(anonymous_1)
FN:32,(anonymous_2)
FN:39,(anonymous_3)
FN:45,(anonymous_4)
FN:51,(anonymous_5)
FN:64,(anonymous_6)
FN:70,(anonymous_7)
FN:100,(anonymous_8)
FN:104,(anonymous_9)
FN:110,(anonymous_10)
FNF:11
FNH:10
FNDA:19,useWebSocket
FNDA:0,(anonymous_1)
FNDA:8,(anonymous_2)
FNDA:9,(anonymous_3)
FNDA:6,(anonymous_4)
FNDA:8,(anonymous_5)
FNDA:1,(anonymous_6)
FNDA:4,(anonymous_7)
FNDA:19,(anonymous_8)
FNDA:8,(anonymous_9)
FNDA:8,(anonymous_10)
DA:16,1
DA:17,1
DA:18,1
DA:21,19
DA:22,19
DA:23,19
DA:24,19
DA:25,19
DA:26,19
DA:27,19
DA:28,19
DA:29,19
DA:30,19
DA:32,19
DA:33,8
DA:34,0
DA:35,0
DA:39,19
DA:40,9
DA:42,8
DA:43,8
DA:45,8
DA:46,6
DA:47,6
DA:48,6
DA:51,8
DA:52,8
DA:53,8
DA:55,8
DA:56,7
DA:57,7
DA:60,1
DA:61,1
DA:62,1
DA:64,1
DA:65,1
DA:66,1
DA:70,8
DA:71,4
DA:72,4
DA:74,4
DA:75,1
DA:80,1
DA:81,1
DA:82,1
DA:85,3
DA:86,1
DA:87,2
DA:88,1
DA:91,3
DA:92,1
DA:95,0
DA:100,19
DA:101,19
DA:104,19
DA:105,8
DA:106,8
DA:107,8
DA:108,8
DA:110,8
DA:111,8
DA:112,8
DA:113,8
DA:114,6
DA:115,6
DA:117,8
DA:118,8
DA:122,19
LF:68
LH:65
BRDA:20,0,0,19
BRDA:33,1,0,0
BRDA:33,1,1,8
BRDA:40,2,0,1
BRDA:40,2,1,8
BRDA:40,3,0,9
BRDA:40,3,1,8
BRDA:55,4,0,7
BRDA:55,4,1,1
BRDA:55,5,0,8
BRDA:55,5,1,1
BRDA:74,6,0,1
BRDA:74,6,1,3
BRDA:76,7,0,1
BRDA:76,7,1,0
BRDA:77,8,0,1
BRDA:77,8,1,0
BRDA:78,9,0,1
BRDA:78,9,1,0
BRDA:85,10,0,1
BRDA:85,10,1,2
BRDA:87,11,0,1
BRDA:87,11,1,1
BRDA:87,12,0,2
BRDA:87,12,1,1
BRDA:91,13,0,1
BRDA:91,13,1,2
BRDA:91,14,0,3
BRDA:91,14,1,1
BRDA:113,15,0,6
BRDA:113,15,1,2
BRF:31
BRH:27
end_of_record
TN:
SF:src/pages/Dashboard.tsx
FN:27,storageBarColor
FN:52,Dashboard
FN:60,(anonymous_2)
FN:60,(anonymous_3)
FN:90,(anonymous_4)
FN:96,(anonymous_5)
FN:143,(anonymous_6)
FN:172,(anonymous_7)
FN:202,(anonymous_8)
FN:204,(anonymous_9)
FN:206,(anonymous_10)
FN:227,(anonymous_11)
FN:295,(anonymous_12)
FN:347,(anonymous_13)
FN:353,(anonymous_14)
FN:364,(anonymous_15)
FN:374,(anonymous_16)
FN:392,(anonymous_17)
FNF:18
FNH:7
FNDA:5,storageBarColor
FNDA:5,Dashboard
FNDA:5,(anonymous_2)
FNDA:0,(anonymous_3)
FNDA:0,(anonymous_4)
FNDA:15,(anonymous_5)
FNDA:20,(anonymous_6)
FNDA:0,(anonymous_7)
FNDA:0,(anonymous_8)
FNDA:0,(anonymous_9)
FNDA:0,(anonymous_10)
FNDA:0,(anonymous_11)
FNDA:0,(anonymous_12)
FNDA:0,(anonymous_13)
FNDA:0,(anonymous_14)
FNDA:0,(anonymous_15)
FNDA:5,(anonymous_16)
FNDA:15,(anonymous_17)
DA:28,5
DA:29,5
DA:30,5
DA:33,1
DA:53,5
DA:54,5
DA:55,5
DA:56,5
DA:58,5
DA:60,5
DA:65,5
DA:71,5
DA:72,5
DA:73,5
DA:75,5
DA:77,5
DA:78,5
DA:80,5
DA:91,0
DA:97,15
DA:144,20
DA:173,0
DA:203,0
DA:204,0
DA:205,0
DA:206,0
DA:207,0
DA:228,0
DA:295,0
DA:347,0
DA:353,0
DA:364,0
DA:375,5
DA:376,5
DA:377,5
DA:393,15
DA:394,15
DA:395,15
DA:396,15
DA:397,15
LF:40
LH:28
BRDA:28,0,0,0
BRDA:28,0,1,5
BRDA:29,1,0,0
BRDA:29,1,1,5
BRDA:66,2,0,5
BRDA:66,2,1,0
BRDA:67,3,0,5
BRDA:67,3,1,0
BRDA:68,4,0,5
BRDA:68,4,1,0
BRDA:71,5,0,5
BRDA:71,5,1,5
BRDA:72,6,0,5
BRDA:72,6,1,5
BRDA:75,7,0,5
BRDA:75,7,1,0
BRDA:77,8,0,5
BRDA:77,8,1,5
BRDA:78,9,0,5
BRDA:78,9,1,5
BRDA:78,9,2,0
BRDA:88,10,0,5
BRDA:88,10,1,0
BRDA:88,10,2,0
BRDA:95,11,0,0
BRDA:95,11,1,5
BRDA:95,12,0,5
BRDA:95,12,1,0
BRDA:128,13,0,5
BRDA:128,13,1,0
BRDA:136,14,0,5
BRDA:136,14,1,5
BRDA:136,14,2,5
BRDA:151,15,0,5
BRDA:151,15,1,0
BRDA:151,15,2,0
BRDA:151,15,3,0
BRDA:151,15,4,0
BRDA:160,16,0,5
BRDA:160,16,1,0
BRDA:160,16,2,0
BRDA:172,17,0,0
BRDA:172,17,1,0
BRDA:182,18,0,0
BRDA:182,18,1,0
BRDA:199,19,0,0
BRDA:199,19,1,0
BRDA:199,19,2,0
BRDA:223,20,0,0
BRDA:223,20,1,0
BRDA:223,20,2,0
BRDA:231,21,0,0
BRDA:231,21,1,0
BRDA:232,22,0,0
BRDA:232,22,1,0
BRDA:233,23,0,0
BRDA:233,23,1,0
BRDA:235,24,0,0
BRDA:235,24,1,0
BRDA:249,25,0,5
BRDA:249,25,1,0
BRDA:306,26,0,5
BRDA:306,26,1,0
BRDA:306,26,2,0
BRDA:372,27,0,5
BRDA:372,27,1,5
BRDA:375,28,0,5
BRDA:375,28,1,0
BRDA:394,29,0,0
BRDA:394,29,1,15
BRDA:395,30,0,15
BRDA:395,30,1,0
BRDA:404,31,0,15
BRDA:404,31,1,10
BRDA:407,32,0,15
BRDA:407,32,1,5
BRF:76
BRH:34
end_of_record
TN:
SF:src/pages/GoesData.tsx
FN:25,(anonymous_0)
FN:26,(anonymous_1)
FN:27,(anonymous_2)
FN:28,(anonymous_3)
FN:29,(anonymous_4)
FN:30,(anonymous_5)
FN:31,(anonymous_6)
FN:32,(anonymous_7)
FN:33,(anonymous_8)
FN:34,(anonymous_9)
FN:35,(anonymous_10)
FN:36,(anonymous_11)
FN:97,(anonymous_12)
FN:97,(anonymous_13)
FN:99,TabLoadingFallback
FN:103,(anonymous_15)
FN:111,WelcomeCard
FN:140,GoesData
FN:148,(anonymous_18)
FN:148,(anonymous_19)
FN:156,(anonymous_20)
FN:158,(anonymous_21)
FN:160,(anonymous_22)
FN:168,(anonymous_23)
FN:169,(anonymous_24)
FN:177,(anonymous_25)
FN:181,(anonymous_26)
FN:182,(anonymous_27)
FN:186,(anonymous_28)
FN:190,(anonymous_29)
FN:195,(anonymous_30)
FN:204,(anonymous_31)
FN:244,(anonymous_32)
FN:248,(anonymous_33)
FN:251,(anonymous_34)
FN:272,(anonymous_35)
FNF:36
FNH:19
FNDA:0,(anonymous_0)
FNDA:2,(anonymous_1)
FNDA:0,(anonymous_2)
FNDA:0,(anonymous_3)
FNDA:0,(anonymous_4)
FNDA:0,(anonymous_5)
FNDA:0,(anonymous_6)
FNDA:0,(anonymous_7)
FNDA:0,(anonymous_8)
FNDA:0,(anonymous_9)
FNDA:0,(anonymous_10)
FNDA:0,(anonymous_11)
FNDA:6,(anonymous_12)
FNDA:24,(anonymous_13)
FNDA:6,TabLoadingFallback
FNDA:48,(anonymous_15)
FNDA:2,WelcomeCard
FNDA:11,GoesData
FNDA:8,(anonymous_18)
FNDA:8,(anonymous_19)
FNDA:8,(anonymous_20)
FNDA:96,(anonymous_21)
FNDA:0,(anonymous_22)
FNDA:8,(anonymous_23)
FNDA:0,(anonymous_24)
FNDA:8,(anonymous_25)
FNDA:8,(anonymous_26)
FNDA:0,(anonymous_27)
FNDA:8,(anonymous_28)
FNDA:8,(anonymous_29)
FNDA:0,(anonymous_30)
FNDA:9,(anonymous_31)
FNDA:33,(anonymous_32)
FNDA:132,(anonymous_33)
FNDA:0,(anonymous_34)
FNDA:0,(anonymous_35)
DA:25,2
DA:26,2
DA:27,2
DA:28,2
DA:29,2
DA:30,2
DA:31,2
DA:32,2
DA:33,2
DA:34,2
DA:35,2
DA:36,2
DA:51,2
DA:81,2
DA:97,24
DA:100,6
DA:104,48
DA:112,2
DA:141,11
DA:142,11
DA:143,11
DA:146,11
DA:148,8
DA:152,11
DA:153,11
DA:156,11
DA:157,8
DA:158,8
DA:159,96
DA:160,96
DA:162,8
DA:165,11
DA:168,11
DA:169,8
DA:170,0
DA:171,0
DA:172,0
DA:173,0
DA:176,8
DA:177,8
DA:181,11
DA:182,8
DA:183,0
DA:185,8
DA:186,8
DA:190,11
DA:191,8
DA:195,0
DA:198,8
DA:199,0
DA:201,8
DA:204,11
DA:205,9
DA:220,9
DA:221,9
DA:232,11
DA:245,33
DA:249,132
DA:251,0
DA:272,0
LF:60
LH:51
BRDA:152,0,0,3
BRDA:152,0,1,8
BRDA:153,1,0,11
BRDA:153,1,1,3
BRDA:153,1,2,2
BRDA:159,2,0,72
BRDA:159,2,1,24
BRDA:171,3,0,0
BRDA:171,3,1,0
BRDA:195,4,0,0
BRDA:195,4,1,8
BRDA:198,5,0,0
BRDA:198,5,1,8
BRDA:246,6,0,33
BRDA:246,6,1,22
BRDA:256,7,0,11
BRDA:256,7,1,121
BRDA:271,8,0,2
BRDA:271,8,1,9
BRF:19
BRH:15
end_of_record
TN:
SF:src/pages/NotFound.tsx
FN:4,NotFound
FN:13,(anonymous_1)
FNF:2
FNH:2
FNDA:4,NotFound
FNDA:1,(anonymous_1)
DA:5,4
DA:7,4
DA:13,1
LF:3
LH:3
BRF:0
BRH:0
end_of_record
TN:
SF:src/pages/Settings.tsx
FN:17,StorageSection
FN:20,(anonymous_1)
FN:20,(anonymous_2)
FN:29,(anonymous_3)
FN:45,(anonymous_4)
FN:73,(anonymous_5)
FN:89,SettingsForm
FN:94,(anonymous_7)
FN:96,(anonymous_8)
FN:97,(anonymous_9)
FN:100,(anonymous_10)
FN:102,(anonymous_11)
FN:103,(anonymous_12)
FN:122,(anonymous_13)
FN:139,(anonymous_14)
FN:151,(anonymous_15)
FN:169,(anonymous_16)
FN:179,(anonymous_17)
FN:196,(anonymous_18)
FN:209,(anonymous_19)
FN:249,SettingsPage
FN:262,(anonymous_21)
FN:281,(anonymous_22)
FNF:23
FNH:7
FNDA:6,StorageSection
FNDA:3,(anonymous_1)
FNDA:3,(anonymous_2)
FNDA:0,(anonymous_3)
FNDA:0,(anonymous_4)
FNDA:0,(anonymous_5)
FNDA:3,SettingsForm
FNDA:3,(anonymous_7)
FNDA:0,(anonymous_8)
FNDA:0,(anonymous_9)
FNDA:0,(anonymous_10)
FNDA:0,(anonymous_11)
FNDA:0,(anonymous_12)
FNDA:0,(anonymous_13)
FNDA:0,(anonymous_14)
FNDA:0,(anonymous_15)
FNDA:0,(anonymous_16)
FNDA:0,(anonymous_17)
FNDA:0,(anonymous_18)
FNDA:0,(anonymous_19)
FNDA:13,SettingsPage
FNDA:36,(anonymous_21)
FNDA:0,(anonymous_22)
DA:18,6
DA:20,3
DA:25,6
DA:27,3
DA:28,3
DA:29,3
DA:30,3
DA:32,3
DA:46,0
DA:74,0
DA:90,3
DA:91,3
DA:92,3
DA:94,3
DA:95,3
DA:96,0
DA:97,0
DA:100,3
DA:101,0
DA:102,0
DA:103,0
DA:107,3
DA:122,0
DA:139,0
DA:151,0
DA:169,0
DA:179,0
DA:196,0
DA:209,0
DA:250,13
DA:251,13
DA:253,13
DA:254,9
DA:263,36
DA:273,4
DA:274,1
DA:281,0
DA:292,3
LF:38
LH:23
BRDA:25,0,0,3
BRDA:25,0,1,3
BRDA:42,1,0,3
BRDA:42,1,1,0
BRDA:60,2,0,6
BRDA:60,2,1,0
BRDA:95,3,0,3
BRDA:95,3,1,0
BRDA:121,4,0,3
BRDA:121,4,1,0
BRDA:138,5,0,3
BRDA:138,5,1,0
BRDA:150,6,0,3
BRDA:150,6,1,0
BRDA:168,7,0,3
BRDA:168,7,1,0
BRDA:178,8,0,3
BRDA:178,8,1,0
BRDA:195,9,0,3
BRDA:195,9,1,0
BRDA:208,10,0,3
BRDA:208,10,1,0
BRDA:219,11,0,0
BRDA:219,11,1,3
BRDA:226,12,0,3
BRDA:226,12,1,0
BRDA:229,13,0,0
BRDA:229,13,1,0
BRDA:232,14,0,0
BRDA:232,14,1,0
BRDA:253,15,0,9
BRDA:253,15,1,4
BRDA:273,16,0,1
BRDA:273,16,1,3
BRF:34
BRH:18
end_of_record
TN:
SF:src/utils/format.ts
FN:5,formatBytes
FNF:1
FNH:1
FNDA:18,formatBytes
DA:6,18
DA:7,10
DA:8,10
DA:9,10
DA:10,10
LF:5
LH:5
BRDA:6,0,0,8
BRDA:6,0,1,10
BRF:2
BRH:2
end_of_record
TN:
SF:src/utils/toast.ts
FN:12,showToast
FN:14,(anonymous_1)
FN:17,subscribeToast
FN:19,(anonymous_3)
FNF:4
FNH:4
FNDA:5,showToast
FNDA:5,(anonymous_1)
FNDA:8,subscribeToast
FNDA:8,(anonymous_3)
DA:10,11
DA:13,5
DA:14,5
DA:18,8
DA:19,8
LF:5
LH:5
BRF:0
BRH:0
end_of_record
